2018-10-28 10:24:00.286  INFO 16404 --- [Thread-9] ConfigServletWebServerApplicationContext : Closing org.springframework.boot.web.servlet.context.AnnotationConfigServletWebServerApplicationContext@4cb2a010: startup date [Sat Oct 27 17:41:39 IST 2018]; root of context hierarchy
2018-10-28 10:24:00.341  INFO 16404 --- [Thread-9] o.s.j.e.a.AnnotationMBeanExporter        : Unregistering JMX-exposed beans on shutdown
2018-10-28 10:24:01.181  INFO 16404 --- [restartedMain] c.e.m.a.AreaServiceApplication           : Starting AreaServiceApplication on DESKTOP-T5HSAB1 with PID 16404 (C:\Users\TapojitBhattacharya\sts-workspace\microservices\BlogApplicationInstallments\BlogPost5Application\area-service\target\classes started by TapojitBhattacharya in C:\Users\TapojitBhattacharya\sts-workspace\microservices\BlogApplicationInstallments\BlogPost5Application\area-service)
2018-10-28 10:24:01.181  INFO 16404 --- [restartedMain] c.e.m.a.AreaServiceApplication           : No active profile set, falling back to default profiles: default
2018-10-28 10:24:01.181  INFO 16404 --- [restartedMain] ConfigServletWebServerApplicationContext : Refreshing org.springframework.boot.web.servlet.context.AnnotationConfigServletWebServerApplicationContext@61d501af: startup date [Sun Oct 28 10:24:01 IST 2018]; root of context hierarchy
2018-10-28 10:24:01.982  INFO 16404 --- [restartedMain] o.s.b.w.embedded.tomcat.TomcatWebServer  : Tomcat initialized with port(s): 8000 (http)
2018-10-28 10:24:01.985  INFO 16404 --- [restartedMain] o.apache.catalina.core.StandardService   : Starting service [Tomcat]
2018-10-28 10:24:01.985  INFO 16404 --- [restartedMain] org.apache.catalina.core.StandardEngine  : Starting Servlet Engine: Apache Tomcat/8.5.34
2018-10-28 10:24:01.989  INFO 16404 --- [localhost-startStop-1] o.a.c.c.C.[Tomcat].[localhost].[/]       : Initializing Spring embedded WebApplicationContext
2018-10-28 10:24:01.989  INFO 16404 --- [localhost-startStop-1] o.s.web.context.ContextLoader            : Root WebApplicationContext: initialization completed in 808 ms
2018-10-28 10:24:02.162  INFO 16404 --- [localhost-startStop-1] o.s.b.w.servlet.FilterRegistrationBean   : Mapping filter: 'characterEncodingFilter' to: [/*]
2018-10-28 10:24:02.162  INFO 16404 --- [localhost-startStop-1] o.s.b.w.servlet.FilterRegistrationBean   : Mapping filter: 'webMvcMetricsFilter' to: [/*]
2018-10-28 10:24:02.162  INFO 16404 --- [localhost-startStop-1] o.s.b.w.servlet.FilterRegistrationBean   : Mapping filter: 'hiddenHttpMethodFilter' to: [/*]
2018-10-28 10:24:02.162  INFO 16404 --- [localhost-startStop-1] o.s.b.w.servlet.FilterRegistrationBean   : Mapping filter: 'httpPutFormContentFilter' to: [/*]
2018-10-28 10:24:02.162  INFO 16404 --- [localhost-startStop-1] o.s.b.w.servlet.FilterRegistrationBean   : Mapping filter: 'requestContextFilter' to: [/*]
2018-10-28 10:24:02.162  INFO 16404 --- [localhost-startStop-1] o.s.b.w.servlet.FilterRegistrationBean   : Mapping filter: 'httpTraceFilter' to: [/*]
2018-10-28 10:24:02.162  INFO 16404 --- [localhost-startStop-1] o.s.b.w.servlet.ServletRegistrationBean  : Servlet dispatcherServlet mapped to [/]
2018-10-28 10:24:02.178  WARN 16404 --- [restartedMain] ConfigServletWebServerApplicationContext : Exception encountered during context initialization - cancelling refresh attempt: org.springframework.beans.factory.BeanCreationException: Error creating bean with name 'areaServiceController': Injection of autowired dependencies failed; nested exception is java.lang.IllegalArgumentException: Could not resolve placeholder 'rectangle.breadth' in value "${rectangle.breadth}"
2018-10-28 10:24:02.178  INFO 16404 --- [restartedMain] o.apache.catalina.core.StandardService   : Stopping service [Tomcat]
2018-10-28 10:24:02.193  INFO 16404 --- [restartedMain] ConditionEvaluationReportLoggingListener : 

Error starting ApplicationContext. To display the conditions report re-run your application with 'debug' enabled.
2018-10-28 10:24:02.209 ERROR 16404 --- [restartedMain] o.s.boot.SpringApplication               : Application run failed

org.springframework.beans.factory.BeanCreationException: Error creating bean with name 'areaServiceController': Injection of autowired dependencies failed; nested exception is java.lang.IllegalArgumentException: Could not resolve placeholder 'rectangle.breadth' in value "${rectangle.breadth}"
	at org.springframework.beans.factory.annotation.AutowiredAnnotationBeanPostProcessor.postProcessPropertyValues(AutowiredAnnotationBeanPostProcessor.java:376) ~[spring-beans-5.0.10.RELEASE.jar:5.0.10.RELEASE]
	at org.springframework.beans.factory.support.AbstractAutowireCapableBeanFactory.populateBean(AbstractAutowireCapableBeanFactory.java:1336) ~[spring-beans-5.0.10.RELEASE.jar:5.0.10.RELEASE]
	at org.springframework.beans.factory.support.AbstractAutowireCapableBeanFactory.doCreateBean(AbstractAutowireCapableBeanFactory.java:572) ~[spring-beans-5.0.10.RELEASE.jar:5.0.10.RELEASE]
	at org.springframework.beans.factory.support.AbstractAutowireCapableBeanFactory.createBean(AbstractAutowireCapableBeanFactory.java:495) ~[spring-beans-5.0.10.RELEASE.jar:5.0.10.RELEASE]
	at org.springframework.beans.factory.support.AbstractBeanFactory.lambda$doGetBean$0(AbstractBeanFactory.java:317) ~[spring-beans-5.0.10.RELEASE.jar:5.0.10.RELEASE]
	at org.springframework.beans.factory.support.DefaultSingletonBeanRegistry.getSingleton(DefaultSingletonBeanRegistry.java:222) ~[spring-beans-5.0.10.RELEASE.jar:5.0.10.RELEASE]
	at org.springframework.beans.factory.support.AbstractBeanFactory.doGetBean(AbstractBeanFactory.java:315) ~[spring-beans-5.0.10.RELEASE.jar:5.0.10.RELEASE]
	at org.springframework.beans.factory.support.AbstractBeanFactory.getBean(AbstractBeanFactory.java:199) ~[spring-beans-5.0.10.RELEASE.jar:5.0.10.RELEASE]
	at org.springframework.beans.factory.support.DefaultListableBeanFactory.preInstantiateSingletons(DefaultListableBeanFactory.java:759) ~[spring-beans-5.0.10.RELEASE.jar:5.0.10.RELEASE]
	at org.springframework.context.support.AbstractApplicationContext.finishBeanFactoryInitialization(AbstractApplicationContext.java:867) ~[spring-context-5.0.10.RELEASE.jar:5.0.10.RELEASE]
	at org.springframework.context.support.AbstractApplicationContext.refresh(AbstractApplicationContext.java:548) ~[spring-context-5.0.10.RELEASE.jar:5.0.10.RELEASE]
	at org.springframework.boot.web.servlet.context.ServletWebServerApplicationContext.refresh(ServletWebServerApplicationContext.java:140) ~[spring-boot-2.0.6.RELEASE.jar:2.0.6.RELEASE]
	at org.springframework.boot.SpringApplication.refresh(SpringApplication.java:754) [spring-boot-2.0.6.RELEASE.jar:2.0.6.RELEASE]
	at org.springframework.boot.SpringApplication.refreshContext(SpringApplication.java:386) [spring-boot-2.0.6.RELEASE.jar:2.0.6.RELEASE]
	at org.springframework.boot.SpringApplication.run(SpringApplication.java:307) [spring-boot-2.0.6.RELEASE.jar:2.0.6.RELEASE]
	at org.springframework.boot.SpringApplication.run(SpringApplication.java:1242) [spring-boot-2.0.6.RELEASE.jar:2.0.6.RELEASE]
	at org.springframework.boot.SpringApplication.run(SpringApplication.java:1230) [spring-boot-2.0.6.RELEASE.jar:2.0.6.RELEASE]
	at com.evergreenprogrammer.microservices.areaservice.AreaServiceApplication.main(AreaServiceApplication.java:10) [classes/:na]
	at sun.reflect.NativeMethodAccessorImpl.invoke0(Native Method) ~[na:1.8.0_191]
	at sun.reflect.NativeMethodAccessorImpl.invoke(Unknown Source) ~[na:1.8.0_191]
	at sun.reflect.DelegatingMethodAccessorImpl.invoke(Unknown Source) ~[na:1.8.0_191]
	at java.lang.reflect.Method.invoke(Unknown Source) ~[na:1.8.0_191]
	at org.springframework.boot.devtools.restart.RestartLauncher.run(RestartLauncher.java:49) [spring-boot-devtools-2.0.6.RELEASE.jar:2.0.6.RELEASE]
Caused by: java.lang.IllegalArgumentException: Could not resolve placeholder 'rectangle.breadth' in value "${rectangle.breadth}"
	at org.springframework.util.PropertyPlaceholderHelper.parseStringValue(PropertyPlaceholderHelper.java:172) ~[spring-core-5.0.10.RELEASE.jar:5.0.10.RELEASE]
	at org.springframework.util.PropertyPlaceholderHelper.replacePlaceholders(PropertyPlaceholderHelper.java:124) ~[spring-core-5.0.10.RELEASE.jar:5.0.10.RELEASE]
	at org.springframework.core.env.AbstractPropertyResolver.doResolvePlaceholders(AbstractPropertyResolver.java:237) ~[spring-core-5.0.10.RELEASE.jar:5.0.10.RELEASE]
	at org.springframework.core.env.AbstractPropertyResolver.resolveRequiredPlaceholders(AbstractPropertyResolver.java:211) ~[spring-core-5.0.10.RELEASE.jar:5.0.10.RELEASE]
	at org.springframework.context.support.PropertySourcesPlaceholderConfigurer.lambda$processProperties$0(PropertySourcesPlaceholderConfigurer.java:175) ~[spring-context-5.0.10.RELEASE.jar:5.0.10.RELEASE]
	at org.springframework.beans.factory.support.AbstractBeanFactory.resolveEmbeddedValue(AbstractBeanFactory.java:839) ~[spring-beans-5.0.10.RELEASE.jar:5.0.10.RELEASE]
	at org.springframework.beans.factory.support.DefaultListableBeanFactory.doResolveDependency(DefaultListableBeanFactory.java:1083) ~[spring-beans-5.0.10.RELEASE.jar:5.0.10.RELEASE]
	at org.springframework.beans.factory.support.DefaultListableBeanFactory.resolveDependency(DefaultListableBeanFactory.java:1062) ~[spring-beans-5.0.10.RELEASE.jar:5.0.10.RELEASE]
	at org.springframework.beans.factory.annotation.AutowiredAnnotationBeanPostProcessor$AutowiredFieldElement.inject(AutowiredAnnotationBeanPostProcessor.java:581) ~[spring-beans-5.0.10.RELEASE.jar:5.0.10.RELEASE]
	at org.springframework.beans.factory.annotation.InjectionMetadata.inject(InjectionMetadata.java:90) ~[spring-beans-5.0.10.RELEASE.jar:5.0.10.RELEASE]
	at org.springframework.beans.factory.annotation.AutowiredAnnotationBeanPostProcessor.postProcessPropertyValues(AutowiredAnnotationBeanPostProcessor.java:370) ~[spring-beans-5.0.10.RELEASE.jar:5.0.10.RELEASE]
	... 22 common frames omitted

2018-10-28 10:24:06.766  INFO 16404 --- [restartedMain] c.e.m.a.AreaServiceApplication           : Starting AreaServiceApplication on DESKTOP-T5HSAB1 with PID 16404 (C:\Users\TapojitBhattacharya\sts-workspace\microservices\BlogApplicationInstallments\BlogPost5Application\area-service\target\classes started by TapojitBhattacharya in C:\Users\TapojitBhattacharya\sts-workspace\microservices\BlogApplicationInstallments\BlogPost5Application\area-service)
2018-10-28 10:24:06.766  INFO 16404 --- [restartedMain] c.e.m.a.AreaServiceApplication           : No active profile set, falling back to default profiles: default
2018-10-28 10:24:06.766  INFO 16404 --- [restartedMain] ConfigServletWebServerApplicationContext : Refreshing org.springframework.boot.web.servlet.context.AnnotationConfigServletWebServerApplicationContext@c817ec9: startup date [Sun Oct 28 10:24:06 IST 2018]; root of context hierarchy
2018-10-28 10:24:07.467  INFO 16404 --- [restartedMain] o.s.b.w.embedded.tomcat.TomcatWebServer  : Tomcat initialized with port(s): 8000 (http)
2018-10-28 10:24:07.467  INFO 16404 --- [restartedMain] o.apache.catalina.core.StandardService   : Starting service [Tomcat]
2018-10-28 10:24:07.467  INFO 16404 --- [restartedMain] org.apache.catalina.core.StandardEngine  : Starting Servlet Engine: Apache Tomcat/8.5.34
2018-10-28 10:24:07.483  INFO 16404 --- [localhost-startStop-1] o.a.c.c.C.[Tomcat-1].[localhost].[/]     : Initializing Spring embedded WebApplicationContext
2018-10-28 10:24:07.483  INFO 16404 --- [localhost-startStop-1] o.s.web.context.ContextLoader            : Root WebApplicationContext: initialization completed in 717 ms
2018-10-28 10:24:07.591  INFO 16404 --- [localhost-startStop-1] o.s.b.w.servlet.FilterRegistrationBean   : Mapping filter: 'characterEncodingFilter' to: [/*]
2018-10-28 10:24:07.607  INFO 16404 --- [localhost-startStop-1] o.s.b.w.servlet.FilterRegistrationBean   : Mapping filter: 'webMvcMetricsFilter' to: [/*]
2018-10-28 10:24:07.607  INFO 16404 --- [localhost-startStop-1] o.s.b.w.servlet.FilterRegistrationBean   : Mapping filter: 'hiddenHttpMethodFilter' to: [/*]
2018-10-28 10:24:07.607  INFO 16404 --- [localhost-startStop-1] o.s.b.w.servlet.FilterRegistrationBean   : Mapping filter: 'httpPutFormContentFilter' to: [/*]
2018-10-28 10:24:07.607  INFO 16404 --- [localhost-startStop-1] o.s.b.w.servlet.FilterRegistrationBean   : Mapping filter: 'requestContextFilter' to: [/*]
2018-10-28 10:24:07.607  INFO 16404 --- [localhost-startStop-1] o.s.b.w.servlet.FilterRegistrationBean   : Mapping filter: 'httpTraceFilter' to: [/*]
2018-10-28 10:24:07.607  INFO 16404 --- [localhost-startStop-1] o.s.b.w.servlet.ServletRegistrationBean  : Servlet dispatcherServlet mapped to [/]
2018-10-28 10:24:07.642  INFO 16404 --- [restartedMain] o.s.w.s.handler.SimpleUrlHandlerMapping  : Mapped URL path [/**/favicon.ico] onto handler of type [class org.springframework.web.servlet.resource.ResourceHttpRequestHandler]
2018-10-28 10:24:07.689  INFO 16404 --- [restartedMain] s.w.s.m.m.a.RequestMappingHandlerAdapter : Looking for @ControllerAdvice: org.springframework.boot.web.servlet.context.AnnotationConfigServletWebServerApplicationContext@c817ec9: startup date [Sun Oct 28 10:24:06 IST 2018]; root of context hierarchy
2018-10-28 10:24:07.705  INFO 16404 --- [restartedMain] s.w.s.m.m.a.RequestMappingHandlerMapping : Mapped "{[/area/shapeType/{shapeType}],methods=[GET]}" onto public com.evergreenprogrammer.microservices.areaservice.bo.Area com.evergreenprogrammer.microservices.areaservice.controller.AreaServiceController.getArea(java.lang.String)
2018-10-28 10:24:07.705  INFO 16404 --- [restartedMain] s.w.s.m.m.a.RequestMappingHandlerMapping : Mapped "{[/error]}" onto public org.springframework.http.ResponseEntity<java.util.Map<java.lang.String, java.lang.Object>> org.springframework.boot.autoconfigure.web.servlet.error.BasicErrorController.error(javax.servlet.http.HttpServletRequest)
2018-10-28 10:24:07.705  INFO 16404 --- [restartedMain] s.w.s.m.m.a.RequestMappingHandlerMapping : Mapped "{[/error],produces=[text/html]}" onto public org.springframework.web.servlet.ModelAndView org.springframework.boot.autoconfigure.web.servlet.error.BasicErrorController.errorHtml(javax.servlet.http.HttpServletRequest,javax.servlet.http.HttpServletResponse)
2018-10-28 10:24:07.721  INFO 16404 --- [restartedMain] o.s.w.s.handler.SimpleUrlHandlerMapping  : Mapped URL path [/webjars/**] onto handler of type [class org.springframework.web.servlet.resource.ResourceHttpRequestHandler]
2018-10-28 10:24:07.721  INFO 16404 --- [restartedMain] o.s.w.s.handler.SimpleUrlHandlerMapping  : Mapped URL path [/**] onto handler of type [class org.springframework.web.servlet.resource.ResourceHttpRequestHandler]
2018-10-28 10:24:07.836  INFO 16404 --- [restartedMain] o.s.b.d.a.OptionalLiveReloadServer       : LiveReload server is running on port 35729
2018-10-28 10:24:07.848  INFO 16404 --- [restartedMain] o.s.b.a.e.web.EndpointLinksResolver      : Exposing 2 endpoint(s) beneath base path '/actuator'
2018-10-28 10:24:07.848  INFO 16404 --- [restartedMain] s.b.a.e.w.s.WebMvcEndpointHandlerMapping : Mapped "{[/actuator/health],methods=[GET],produces=[application/vnd.spring-boot.actuator.v2+json || application/json]}" onto public java.lang.Object org.springframework.boot.actuate.endpoint.web.servlet.AbstractWebMvcEndpointHandlerMapping$OperationHandler.handle(javax.servlet.http.HttpServletRequest,java.util.Map<java.lang.String, java.lang.String>)
2018-10-28 10:24:07.848  INFO 16404 --- [restartedMain] s.b.a.e.w.s.WebMvcEndpointHandlerMapping : Mapped "{[/actuator/info],methods=[GET],produces=[application/vnd.spring-boot.actuator.v2+json || application/json]}" onto public java.lang.Object org.springframework.boot.actuate.endpoint.web.servlet.AbstractWebMvcEndpointHandlerMapping$OperationHandler.handle(javax.servlet.http.HttpServletRequest,java.util.Map<java.lang.String, java.lang.String>)
2018-10-28 10:24:07.848  INFO 16404 --- [restartedMain] s.b.a.e.w.s.WebMvcEndpointHandlerMapping : Mapped "{[/actuator],methods=[GET],produces=[application/vnd.spring-boot.actuator.v2+json || application/json]}" onto protected java.util.Map<java.lang.String, java.util.Map<java.lang.String, org.springframework.boot.actuate.endpoint.web.Link>> org.springframework.boot.actuate.endpoint.web.servlet.WebMvcEndpointHandlerMapping.links(javax.servlet.http.HttpServletRequest,javax.servlet.http.HttpServletResponse)
2018-10-28 10:24:07.894  INFO 16404 --- [restartedMain] o.s.j.e.a.AnnotationMBeanExporter        : Registering beans for JMX exposure on startup
2018-10-28 10:24:07.921  INFO 16404 --- [restartedMain] o.s.b.w.embedded.tomcat.TomcatWebServer  : Tomcat started on port(s): 8000 (http) with context path ''
2018-10-28 10:24:07.921  INFO 16404 --- [restartedMain] c.e.m.a.AreaServiceApplication           : Started AreaServiceApplication in 1.203 seconds (JVM running for 60163.538)
2018-10-28 10:24:07.937  INFO 16404 --- [restartedMain] .ConditionEvaluationDeltaLoggingListener : Condition evaluation unchanged
2018-10-28 11:09:13.023  INFO 16404 --- [http-nio-8000-exec-2] o.a.c.c.C.[Tomcat-1].[localhost].[/]     : Initializing Spring FrameworkServlet 'dispatcherServlet'
2018-10-28 11:09:13.038  INFO 16404 --- [http-nio-8000-exec-2] o.s.web.servlet.DispatcherServlet        : FrameworkServlet 'dispatcherServlet': initialization started
2018-10-28 11:09:13.039  INFO 16404 --- [http-nio-8000-exec-2] o.s.web.servlet.DispatcherServlet        : FrameworkServlet 'dispatcherServlet': initialization completed in 1 ms
2018-10-28 11:09:13.055  INFO 16404 --- [http-nio-8000-exec-2] c.e.m.a.c.AreaServiceController          : AreaServiceController.getArea.area---> {}50.26548245743669
2018-10-28 11:09:15.279  INFO 16404 --- [http-nio-8000-exec-1] c.e.m.a.c.AreaServiceController          : AreaServiceController.getArea.area---> {}50.26548245743669
2018-10-28 11:09:16.160  INFO 16404 --- [http-nio-8000-exec-4] c.e.m.a.c.AreaServiceController          : AreaServiceController.getArea.area---> {}50.26548245743669
2018-10-28 11:09:21.611  INFO 16404 --- [http-nio-8000-exec-3] c.e.m.a.c.AreaServiceController          : AreaServiceController.getArea.area---> {}22.18529918662356
2018-10-28 11:09:25.261  INFO 16404 --- [http-nio-8000-exec-5] c.e.m.a.c.AreaServiceController          : AreaServiceController.getArea.area---> {}40.0
2018-10-28 12:31:07.562  INFO 16404 --- [http-nio-8000-exec-7] c.e.m.a.c.AreaServiceController          : AreaServiceController.getArea.area---> {}50.26548245743669
2018-10-28 12:31:07.731  INFO 16404 --- [http-nio-8000-exec-8] c.e.m.a.c.AreaServiceController          : AreaServiceController.getArea.area---> {}50.26548245743669
2018-10-28 12:31:08.480  INFO 16404 --- [http-nio-8000-exec-9] c.e.m.a.c.AreaServiceController          : AreaServiceController.getArea.area---> {}50.26548245743669
2018-10-28 12:33:21.629  INFO 16404 --- [http-nio-8000-exec-10] c.e.m.a.c.AreaServiceController          : AreaServiceController.getArea.area---> {}50.26548245743669
2018-10-28 12:33:22.546  INFO 16404 --- [http-nio-8000-exec-2] c.e.m.a.c.AreaServiceController          : AreaServiceController.getArea.area---> {}50.26548245743669
2018-10-28 12:37:00.612  INFO 16404 --- [http-nio-8000-exec-1] c.e.m.a.c.AreaServiceController          : AreaServiceController.getArea.area---> {}50.26548245743669
2018-10-28 12:37:00.675  INFO 16404 --- [http-nio-8000-exec-4] c.e.m.a.c.AreaServiceController          : AreaServiceController.getArea.area---> {}50.26548245743669
2018-10-28 12:37:01.292  INFO 16404 --- [http-nio-8000-exec-3] c.e.m.a.c.AreaServiceController          : AreaServiceController.getArea.area---> {}50.26548245743669
2018-10-28 13:30:13.980  INFO 16404 --- [http-nio-8000-exec-5] c.e.m.a.c.AreaServiceController          : AreaServiceController.getArea.area---> {}50.26548245743669
2018-10-28 13:30:14.879  INFO 16404 --- [http-nio-8000-exec-6] c.e.m.a.c.AreaServiceController          : AreaServiceController.getArea.area---> {}50.26548245743669
2018-10-28 13:30:20.128  INFO 16404 --- [http-nio-8000-exec-7] c.e.m.a.c.AreaServiceController          : AreaServiceController.getArea.area---> {}40.0
2018-10-28 13:30:20.230  INFO 16404 --- [http-nio-8000-exec-8] c.e.m.a.c.AreaServiceController          : AreaServiceController.getArea.area---> {}40.0
2018-10-28 13:30:20.658  INFO 16404 --- [http-nio-8000-exec-9] c.e.m.a.c.AreaServiceController          : AreaServiceController.getArea.area---> {}40.0
2018-10-28 13:30:24.475  INFO 16404 --- [http-nio-8000-exec-10] c.e.m.a.c.AreaServiceController          : AreaServiceController.getArea.area---> {}22.18529918662356
2018-10-28 13:30:24.528  INFO 16404 --- [http-nio-8000-exec-2] c.e.m.a.c.AreaServiceController          : AreaServiceController.getArea.area---> {}22.18529918662356
2018-10-28 13:30:25.146  INFO 16404 --- [http-nio-8000-exec-1] c.e.m.a.c.AreaServiceController          : AreaServiceController.getArea.area---> {}22.18529918662356
2018-10-28 16:23:36.529  INFO 16404 --- [http-nio-8000-exec-3] c.e.m.a.c.AreaServiceController          : AreaServiceController.getArea.area---> {}50.26548245743669
2018-10-28 16:23:38.189  INFO 16404 --- [http-nio-8000-exec-5] c.e.m.a.c.AreaServiceController          : AreaServiceController.getArea.area---> {}50.26548245743669
2018-10-28 16:23:43.773  INFO 16404 --- [http-nio-8000-exec-6] c.e.m.a.c.AreaServiceController          : AreaServiceController.getArea.area---> {}40.0
2018-10-28 16:23:43.861  INFO 16404 --- [http-nio-8000-exec-7] c.e.m.a.c.AreaServiceController          : AreaServiceController.getArea.area---> {}40.0
2018-10-28 16:23:44.318  INFO 16404 --- [http-nio-8000-exec-8] c.e.m.a.c.AreaServiceController          : AreaServiceController.getArea.area---> {}40.0
2018-10-28 16:23:53.588  INFO 16404 --- [http-nio-8000-exec-9] c.e.m.a.c.AreaServiceController          : AreaServiceController.getArea.area---> {}22.18529918662356
2018-10-28 16:23:53.631  INFO 16404 --- [http-nio-8000-exec-10] c.e.m.a.c.AreaServiceController          : AreaServiceController.getArea.area---> {}22.18529918662356
2018-10-28 16:23:54.168  INFO 16404 --- [http-nio-8000-exec-2] c.e.m.a.c.AreaServiceController          : AreaServiceController.getArea.area---> {}22.18529918662356
2018-10-28 17:04:33.848  INFO 16404 --- [RMI TCP Connection(1314)-127.0.0.1] inMXBeanRegistrar$SpringApplicationAdmin : Application shutdown requested.
2018-10-28 17:04:33.867  INFO 16404 --- [RMI TCP Connection(1314)-127.0.0.1] ConfigServletWebServerApplicationContext : Closing org.springframework.boot.web.servlet.context.AnnotationConfigServletWebServerApplicationContext@c817ec9: startup date [Sun Oct 28 10:24:06 IST 2018]; root of context hierarchy
2018-10-28 17:04:33.919  INFO 16404 --- [RMI TCP Connection(1314)-127.0.0.1] o.s.j.e.a.AnnotationMBeanExporter        : Unregistering JMX-exposed beans on shutdown
2018-10-28 17:45:10.581  INFO 20448 --- [restartedMain] c.e.m.a.AreaServiceApplication           : Starting AreaServiceApplication on DESKTOP-T5HSAB1 with PID 20448 (C:\Users\TapojitBhattacharya\sts-workspace\microservices\BlogApplicationInstallments\BlogPost5Application\area-service\target\classes started by TapojitBhattacharya in C:\Users\TapojitBhattacharya\sts-workspace\microservices\BlogApplicationInstallments\BlogPost5Application\area-service)
2018-10-28 17:45:10.583  INFO 20448 --- [restartedMain] c.e.m.a.AreaServiceApplication           : No active profile set, falling back to default profiles: default
2018-10-28 17:45:10.643  INFO 20448 --- [restartedMain] ConfigServletWebServerApplicationContext : Refreshing org.springframework.boot.web.servlet.context.AnnotationConfigServletWebServerApplicationContext@77e278c: startup date [Sun Oct 28 17:45:10 IST 2018]; root of context hierarchy
2018-10-28 17:45:12.753  INFO 20448 --- [restartedMain] o.s.b.w.embedded.tomcat.TomcatWebServer  : Tomcat initialized with port(s): 8000 (http)
2018-10-28 17:45:12.783  INFO 20448 --- [restartedMain] o.apache.catalina.core.StandardService   : Starting service [Tomcat]
2018-10-28 17:45:12.784  INFO 20448 --- [restartedMain] org.apache.catalina.core.StandardEngine  : Starting Servlet Engine: Apache Tomcat/8.5.34
2018-10-28 17:45:12.790  INFO 20448 --- [localhost-startStop-1] o.a.catalina.core.AprLifecycleListener   : The APR based Apache Tomcat Native library which allows optimal performance in production environments was not found on the java.library.path: [C:\Program Files\Java\jre1.8.0_191\bin;C:\WINDOWS\Sun\Java\bin;C:\WINDOWS\system32;C:\WINDOWS;C:/Program Files/Java/jre1.8.0_191/bin/server;C:/Program Files/Java/jre1.8.0_191/bin;C:/Program Files/Java/jre1.8.0_191/lib/amd64;C:\Program Files (x86)\Common Files\Oracle\Java\javapath;C:\WINDOWS\system32;C:\WINDOWS;C:\WINDOWS\System32\Wbem;C:\WINDOWS\System32\WindowsPowerShell\v1.0\;C:\Program Files\Java\jdk1.8.0_191\bin;C:\Users\TapojitBhattacharya\Softwares\apache-maven-3.5.2-bin\apache-maven-3.5.2\bin;C:\Program Files\IBM\Bluemix\bin;C:\WINDOWS\System32\OpenSSH\;C:\Program Files\Git\cmd;C:\Users\TapojitBhattacharya\AppData\Local\Microsoft\WindowsApps;C:\Program Files (x86)\CVSNT\;%USERPROFILE%\AppData\Local\Microsoft\WindowsApps;;C:\Users\TapojitBhattacharya\Documents\Personal\Softwares\sts-bundle\sts-3.9.6.RELEASE;;.]
2018-10-28 17:45:12.920  INFO 20448 --- [localhost-startStop-1] o.a.c.c.C.[Tomcat].[localhost].[/]       : Initializing Spring embedded WebApplicationContext
2018-10-28 17:45:12.921  INFO 20448 --- [localhost-startStop-1] o.s.web.context.ContextLoader            : Root WebApplicationContext: initialization completed in 2278 ms
2018-10-28 17:45:13.904  INFO 20448 --- [localhost-startStop-1] o.s.b.w.servlet.FilterRegistrationBean   : Mapping filter: 'characterEncodingFilter' to: [/*]
2018-10-28 17:45:13.906  INFO 20448 --- [localhost-startStop-1] o.s.b.w.servlet.FilterRegistrationBean   : Mapping filter: 'webMvcMetricsFilter' to: [/*]
2018-10-28 17:45:13.908  INFO 20448 --- [localhost-startStop-1] o.s.b.w.servlet.FilterRegistrationBean   : Mapping filter: 'hiddenHttpMethodFilter' to: [/*]
2018-10-28 17:45:13.910  INFO 20448 --- [localhost-startStop-1] o.s.b.w.servlet.FilterRegistrationBean   : Mapping filter: 'httpPutFormContentFilter' to: [/*]
2018-10-28 17:45:13.910  INFO 20448 --- [localhost-startStop-1] o.s.b.w.servlet.FilterRegistrationBean   : Mapping filter: 'requestContextFilter' to: [/*]
2018-10-28 17:45:13.911  INFO 20448 --- [localhost-startStop-1] o.s.b.w.servlet.FilterRegistrationBean   : Mapping filter: 'httpTraceFilter' to: [/*]
2018-10-28 17:45:13.911  INFO 20448 --- [localhost-startStop-1] o.s.b.w.servlet.ServletRegistrationBean  : Servlet dispatcherServlet mapped to [/]
2018-10-28 17:45:14.152  INFO 20448 --- [restartedMain] o.s.w.s.handler.SimpleUrlHandlerMapping  : Mapped URL path [/**/favicon.ico] onto handler of type [class org.springframework.web.servlet.resource.ResourceHttpRequestHandler]
2018-10-28 17:45:14.433  INFO 20448 --- [restartedMain] s.w.s.m.m.a.RequestMappingHandlerAdapter : Looking for @ControllerAdvice: org.springframework.boot.web.servlet.context.AnnotationConfigServletWebServerApplicationContext@77e278c: startup date [Sun Oct 28 17:45:10 IST 2018]; root of context hierarchy
2018-10-28 17:45:14.510  INFO 20448 --- [restartedMain] s.w.s.m.m.a.RequestMappingHandlerMapping : Mapped "{[/area/shapeType/{shapeType}],methods=[GET]}" onto public com.evergreenprogrammer.microservices.areaservice.bo.Area com.evergreenprogrammer.microservices.areaservice.controller.AreaServiceController.getArea(java.lang.String)
2018-10-28 17:45:14.513  INFO 20448 --- [restartedMain] s.w.s.m.m.a.RequestMappingHandlerMapping : Mapped "{[/error]}" onto public org.springframework.http.ResponseEntity<java.util.Map<java.lang.String, java.lang.Object>> org.springframework.boot.autoconfigure.web.servlet.error.BasicErrorController.error(javax.servlet.http.HttpServletRequest)
2018-10-28 17:45:14.514  INFO 20448 --- [restartedMain] s.w.s.m.m.a.RequestMappingHandlerMapping : Mapped "{[/error],produces=[text/html]}" onto public org.springframework.web.servlet.ModelAndView org.springframework.boot.autoconfigure.web.servlet.error.BasicErrorController.errorHtml(javax.servlet.http.HttpServletRequest,javax.servlet.http.HttpServletResponse)
2018-10-28 17:45:14.543  INFO 20448 --- [restartedMain] o.s.w.s.handler.SimpleUrlHandlerMapping  : Mapped URL path [/webjars/**] onto handler of type [class org.springframework.web.servlet.resource.ResourceHttpRequestHandler]
2018-10-28 17:45:14.543  INFO 20448 --- [restartedMain] o.s.w.s.handler.SimpleUrlHandlerMapping  : Mapped URL path [/**] onto handler of type [class org.springframework.web.servlet.resource.ResourceHttpRequestHandler]
2018-10-28 17:45:15.057  INFO 20448 --- [restartedMain] o.s.b.d.a.OptionalLiveReloadServer       : LiveReload server is running on port 35729
2018-10-28 17:45:15.102  INFO 20448 --- [restartedMain] o.s.b.a.e.web.EndpointLinksResolver      : Exposing 2 endpoint(s) beneath base path '/actuator'
2018-10-28 17:45:15.117  INFO 20448 --- [restartedMain] s.b.a.e.w.s.WebMvcEndpointHandlerMapping : Mapped "{[/actuator/health],methods=[GET],produces=[application/vnd.spring-boot.actuator.v2+json || application/json]}" onto public java.lang.Object org.springframework.boot.actuate.endpoint.web.servlet.AbstractWebMvcEndpointHandlerMapping$OperationHandler.handle(javax.servlet.http.HttpServletRequest,java.util.Map<java.lang.String, java.lang.String>)
2018-10-28 17:45:15.119  INFO 20448 --- [restartedMain] s.b.a.e.w.s.WebMvcEndpointHandlerMapping : Mapped "{[/actuator/info],methods=[GET],produces=[application/vnd.spring-boot.actuator.v2+json || application/json]}" onto public java.lang.Object org.springframework.boot.actuate.endpoint.web.servlet.AbstractWebMvcEndpointHandlerMapping$OperationHandler.handle(javax.servlet.http.HttpServletRequest,java.util.Map<java.lang.String, java.lang.String>)
2018-10-28 17:45:15.120  INFO 20448 --- [restartedMain] s.b.a.e.w.s.WebMvcEndpointHandlerMapping : Mapped "{[/actuator],methods=[GET],produces=[application/vnd.spring-boot.actuator.v2+json || application/json]}" onto protected java.util.Map<java.lang.String, java.util.Map<java.lang.String, org.springframework.boot.actuate.endpoint.web.Link>> org.springframework.boot.actuate.endpoint.web.servlet.WebMvcEndpointHandlerMapping.links(javax.servlet.http.HttpServletRequest,javax.servlet.http.HttpServletResponse)
2018-10-28 17:45:15.194  INFO 20448 --- [restartedMain] o.s.j.e.a.AnnotationMBeanExporter        : Registering beans for JMX exposure on startup
2018-10-28 17:45:15.489  INFO 20448 --- [restartedMain] o.s.b.w.embedded.tomcat.TomcatWebServer  : Tomcat started on port(s): 8000 (http) with context path ''
2018-10-28 17:45:15.499  INFO 20448 --- [restartedMain] c.e.m.a.AreaServiceApplication           : Started AreaServiceApplication in 5.395 seconds (JVM running for 7.46)
2018-10-28 17:45:43.583  INFO 20448 --- [http-nio-8000-exec-1] o.a.c.c.C.[Tomcat].[localhost].[/]       : Initializing Spring FrameworkServlet 'dispatcherServlet'
2018-10-28 17:45:43.585  INFO 20448 --- [http-nio-8000-exec-1] o.s.web.servlet.DispatcherServlet        : FrameworkServlet 'dispatcherServlet': initialization started
2018-10-28 17:45:43.609  INFO 20448 --- [http-nio-8000-exec-1] o.s.web.servlet.DispatcherServlet        : FrameworkServlet 'dispatcherServlet': initialization completed in 24 ms
2018-10-28 17:45:43.680  INFO 20448 --- [http-nio-8000-exec-1] c.e.m.a.c.AreaServiceController          : AreaServiceController.getArea.area---> {}50.26548245743669
2018-10-28 17:45:43.814  INFO 20448 --- [http-nio-8000-exec-2] c.e.m.a.c.AreaServiceController          : AreaServiceController.getArea.area---> {}50.26548245743669
2018-10-28 17:45:44.679  INFO 20448 --- [http-nio-8000-exec-3] c.e.m.a.c.AreaServiceController          : AreaServiceController.getArea.area---> {}50.26548245743669
2018-10-28 17:47:28.917  INFO 20448 --- [http-nio-8000-exec-7] c.e.m.a.c.AreaServiceController          : AreaServiceController.getArea.area---> {}40.0
2018-10-28 17:47:28.936  INFO 20448 --- [http-nio-8000-exec-8] c.e.m.a.c.AreaServiceController          : AreaServiceController.getArea.area---> {}40.0
2018-10-28 17:47:29.418  INFO 20448 --- [http-nio-8000-exec-9] c.e.m.a.c.AreaServiceController          : AreaServiceController.getArea.area---> {}40.0
2018-10-28 17:48:34.968  INFO 20448 --- [http-nio-8000-exec-3] c.e.m.a.c.AreaServiceController          : AreaServiceController.getArea.area---> {}22.18529918662356
2018-10-28 17:48:34.983  INFO 20448 --- [http-nio-8000-exec-4] c.e.m.a.c.AreaServiceController          : AreaServiceController.getArea.area---> {}22.18529918662356
2018-10-28 17:48:35.470  INFO 20448 --- [http-nio-8000-exec-5] c.e.m.a.c.AreaServiceController          : AreaServiceController.getArea.area---> {}22.18529918662356
2018-10-28 18:27:57.412  INFO 20448 --- [http-nio-8000-exec-9] c.e.m.a.c.AreaServiceController          : AreaServiceController.getArea.area---> {}50.26548245743669
2018-10-28 18:27:58.460  INFO 20448 --- [http-nio-8000-exec-10] c.e.m.a.c.AreaServiceController          : AreaServiceController.getArea.area---> {}50.26548245743669
2018-10-28 18:29:26.095  INFO 20448 --- [http-nio-8000-exec-2] c.e.m.a.c.AreaServiceController          : AreaServiceController.getArea.area---> {}40.0
2018-10-28 18:29:26.915  INFO 20448 --- [http-nio-8000-exec-1] c.e.m.a.c.AreaServiceController          : AreaServiceController.getArea.area---> {}40.0
2018-10-28 18:30:20.712  INFO 20448 --- [http-nio-8000-exec-3] c.e.m.a.c.AreaServiceController          : AreaServiceController.getArea.area---> {}22.18529918662356
2018-10-28 18:30:21.685  INFO 20448 --- [http-nio-8000-exec-4] c.e.m.a.c.AreaServiceController          : AreaServiceController.getArea.area---> {}22.18529918662356
2018-10-28 18:59:34.063  INFO 20448 --- [http-nio-8000-exec-5] c.e.m.a.c.AreaServiceController          : AreaServiceController.getArea.area---> {}50.26548245743669
2018-10-28 18:59:35.084  INFO 20448 --- [http-nio-8000-exec-6] c.e.m.a.c.AreaServiceController          : AreaServiceController.getArea.area---> {}50.26548245743669
2018-10-28 19:00:54.130  INFO 20448 --- [http-nio-8000-exec-7] c.e.m.a.c.AreaServiceController          : AreaServiceController.getArea.area---> {}40.0
2018-10-28 19:00:54.921  INFO 20448 --- [http-nio-8000-exec-8] c.e.m.a.c.AreaServiceController          : AreaServiceController.getArea.area---> {}40.0
2018-10-28 19:01:46.918  INFO 20448 --- [http-nio-8000-exec-9] c.e.m.a.c.AreaServiceController          : AreaServiceController.getArea.area---> {}22.18529918662356
2018-10-28 19:01:47.693  INFO 20448 --- [http-nio-8000-exec-10] c.e.m.a.c.AreaServiceController          : AreaServiceController.getArea.area---> {}22.18529918662356
2018-10-28 19:22:36.998  INFO 20448 --- [RMI TCP Connection(105)-127.0.0.1] inMXBeanRegistrar$SpringApplicationAdmin : Application shutdown requested.
2018-10-28 19:22:37.006  INFO 20448 --- [RMI TCP Connection(105)-127.0.0.1] ConfigServletWebServerApplicationContext : Closing org.springframework.boot.web.servlet.context.AnnotationConfigServletWebServerApplicationContext@77e278c: startup date [Sun Oct 28 17:45:10 IST 2018]; root of context hierarchy
2018-10-28 19:22:37.114  INFO 20448 --- [RMI TCP Connection(105)-127.0.0.1] o.s.j.e.a.AnnotationMBeanExporter        : Unregistering JMX-exposed beans on shutdown
