2018-10-28 12:28:10.051  INFO 18460 --- [restartedMain] c.e.m.s.ShapeServiceApplication          : No active profile set, falling back to default profiles: default
2018-10-28 12:28:10.082  INFO 18460 --- [restartedMain] ConfigServletWebServerApplicationContext : Refreshing org.springframework.boot.web.servlet.context.AnnotationConfigServletWebServerApplicationContext@2b0f2cb4: startup date [Sun Oct 28 12:28:10 IST 2018]; parent: org.springframework.context.annotation.AnnotationConfigApplicationContext@4b76f430
2018-10-28 12:28:11.506  INFO 18460 --- [restartedMain] o.s.cloud.context.scope.GenericScope     : BeanFactory id=c042d5e2-4849-3a12-af34-6bdf9d4adb4a
2018-10-28 12:28:11.524  INFO 18460 --- [restartedMain] f.a.AutowiredAnnotationBeanPostProcessor : JSR-330 'javax.inject.Inject' annotation found and supported for autowiring
2018-10-28 12:28:11.634  INFO 18460 --- [restartedMain] trationDelegate$BeanPostProcessorChecker : Bean 'org.springframework.cloud.autoconfigure.ConfigurationPropertiesRebinderAutoConfiguration' of type [org.springframework.cloud.autoconfigure.ConfigurationPropertiesRebinderAutoConfiguration$$EnhancerBySpringCGLIB$$becf78b6] is not eligible for getting processed by all BeanPostProcessors (for example: not eligible for auto-proxying)
2018-10-28 12:28:12.338  INFO 18460 --- [restartedMain] o.s.b.w.embedded.tomcat.TomcatWebServer  : Tomcat initialized with port(s): 8200 (http)
2018-10-28 12:28:12.369  INFO 18460 --- [restartedMain] o.apache.catalina.core.StandardService   : Starting service [Tomcat]
2018-10-28 12:28:12.369  INFO 18460 --- [restartedMain] org.apache.catalina.core.StandardEngine  : Starting Servlet Engine: Apache Tomcat/8.5.34
2018-10-28 12:28:12.369  INFO 18460 --- [localhost-startStop-1] o.a.catalina.core.AprLifecycleListener   : The APR based Apache Tomcat Native library which allows optimal performance in production environments was not found on the java.library.path: [C:\Program Files\Java\jre1.8.0_191\bin;C:\WINDOWS\Sun\Java\bin;C:\WINDOWS\system32;C:\WINDOWS;C:/Program Files/Java/jre1.8.0_191/bin/server;C:/Program Files/Java/jre1.8.0_191/bin;C:/Program Files/Java/jre1.8.0_191/lib/amd64;C:\Program Files (x86)\Common Files\Oracle\Java\javapath;C:\WINDOWS\system32;C:\WINDOWS;C:\WINDOWS\System32\Wbem;C:\WINDOWS\System32\WindowsPowerShell\v1.0\;C:\Program Files\Java\jdk1.8.0_191\bin;C:\Users\TapojitBhattacharya\Softwares\apache-maven-3.5.2-bin\apache-maven-3.5.2\bin;C:\Program Files\IBM\Bluemix\bin;C:\WINDOWS\System32\OpenSSH\;C:\Program Files\Git\cmd;C:\Users\TapojitBhattacharya\AppData\Local\Microsoft\WindowsApps;C:\Program Files (x86)\CVSNT\;%USERPROFILE%\AppData\Local\Microsoft\WindowsApps;;C:\Users\TapojitBhattacharya\Documents\Personal\Softwares\sts-bundle\sts-3.9.6.RELEASE;;.]
2018-10-28 12:28:12.806  INFO 18460 --- [localhost-startStop-1] o.a.c.c.C.[Tomcat].[localhost].[/]       : Initializing Spring embedded WebApplicationContext
2018-10-28 12:28:12.807  INFO 18460 --- [localhost-startStop-1] o.s.web.context.ContextLoader            : Root WebApplicationContext: initialization completed in 2725 ms
2018-10-28 12:28:13.640  INFO 18460 --- [localhost-startStop-1] o.s.b.w.servlet.FilterRegistrationBean   : Mapping filter: 'characterEncodingFilter' to: [/*]
2018-10-28 12:28:13.640  INFO 18460 --- [localhost-startStop-1] o.s.b.w.servlet.FilterRegistrationBean   : Mapping filter: 'webMvcMetricsFilter' to: [/*]
2018-10-28 12:28:13.640  INFO 18460 --- [localhost-startStop-1] o.s.b.w.servlet.FilterRegistrationBean   : Mapping filter: 'hiddenHttpMethodFilter' to: [/*]
2018-10-28 12:28:13.640  INFO 18460 --- [localhost-startStop-1] o.s.b.w.servlet.FilterRegistrationBean   : Mapping filter: 'httpPutFormContentFilter' to: [/*]
2018-10-28 12:28:13.640  INFO 18460 --- [localhost-startStop-1] o.s.b.w.servlet.FilterRegistrationBean   : Mapping filter: 'requestContextFilter' to: [/*]
2018-10-28 12:28:13.640  INFO 18460 --- [localhost-startStop-1] o.s.b.w.servlet.FilterRegistrationBean   : Mapping filter: 'httpTraceFilter' to: [/*]
2018-10-28 12:28:13.640  INFO 18460 --- [localhost-startStop-1] o.s.b.w.servlet.ServletRegistrationBean  : Servlet dispatcherServlet mapped to [/]
2018-10-28 12:28:13.686  INFO 18460 --- [restartedMain] s.c.a.AnnotationConfigApplicationContext : Refreshing FeignContext-area-service: startup date [Sun Oct 28 12:28:13 IST 2018]; parent: org.springframework.boot.web.servlet.context.AnnotationConfigServletWebServerApplicationContext@2b0f2cb4
2018-10-28 12:28:13.708  INFO 18460 --- [restartedMain] f.a.AutowiredAnnotationBeanPostProcessor : JSR-330 'javax.inject.Inject' annotation found and supported for autowiring
2018-10-28 12:28:13.994  INFO 18460 --- [restartedMain] s.c.a.AnnotationConfigApplicationContext : Refreshing FeignContext-perimeter-service: startup date [Sun Oct 28 12:28:13 IST 2018]; parent: org.springframework.boot.web.servlet.context.AnnotationConfigServletWebServerApplicationContext@2b0f2cb4
2018-10-28 12:28:14.006  INFO 18460 --- [restartedMain] f.a.AutowiredAnnotationBeanPostProcessor : JSR-330 'javax.inject.Inject' annotation found and supported for autowiring
2018-10-28 12:28:14.037  WARN 18460 --- [restartedMain] c.n.c.sources.URLConfigurationSource     : No URLs will be polled as dynamic configuration sources.
2018-10-28 12:28:14.037  INFO 18460 --- [restartedMain] c.n.c.sources.URLConfigurationSource     : To enable URLs as dynamic configuration sources, define System property archaius.configurationSource.additionalUrls or make config.properties available on classpath.
2018-10-28 12:28:14.053  WARN 18460 --- [restartedMain] c.n.c.sources.URLConfigurationSource     : No URLs will be polled as dynamic configuration sources.
2018-10-28 12:28:14.053  INFO 18460 --- [restartedMain] c.n.c.sources.URLConfigurationSource     : To enable URLs as dynamic configuration sources, define System property archaius.configurationSource.additionalUrls or make config.properties available on classpath.
2018-10-28 12:28:14.145  INFO 18460 --- [restartedMain] o.s.w.s.handler.SimpleUrlHandlerMapping  : Mapped URL path [/**/favicon.ico] onto handler of type [class org.springframework.web.servlet.resource.ResourceHttpRequestHandler]
2018-10-28 12:28:14.310  INFO 18460 --- [restartedMain] s.w.s.m.m.a.RequestMappingHandlerAdapter : Looking for @ControllerAdvice: org.springframework.boot.web.servlet.context.AnnotationConfigServletWebServerApplicationContext@2b0f2cb4: startup date [Sun Oct 28 12:28:10 IST 2018]; parent: org.springframework.context.annotation.AnnotationConfigApplicationContext@4b76f430
2018-10-28 12:28:14.357  INFO 18460 --- [restartedMain] s.w.s.m.m.a.RequestMappingHandlerMapping : Mapped "{[/shapeDetailsFeign/shapeType/{shapeType}],methods=[GET]}" onto public com.evergreenprogrammer.microservices.shapeservice.bo.Shape com.evergreenprogrammer.microservices.shapeservice.controller.ShapeServiceController.getShapeDetailsFeign(java.lang.String)
2018-10-28 12:28:14.357  INFO 18460 --- [restartedMain] s.w.s.m.m.a.RequestMappingHandlerMapping : Mapped "{[/shapeDetails/shapeType/{shapeType}],methods=[GET]}" onto public com.evergreenprogrammer.microservices.shapeservice.bo.Shape com.evergreenprogrammer.microservices.shapeservice.controller.ShapeServiceController.getShapeDetails(java.lang.String)
2018-10-28 12:28:14.357  INFO 18460 --- [restartedMain] s.w.s.m.m.a.RequestMappingHandlerMapping : Mapped "{[/error]}" onto public org.springframework.http.ResponseEntity<java.util.Map<java.lang.String, java.lang.Object>> org.springframework.boot.autoconfigure.web.servlet.error.BasicErrorController.error(javax.servlet.http.HttpServletRequest)
2018-10-28 12:28:14.357  INFO 18460 --- [restartedMain] s.w.s.m.m.a.RequestMappingHandlerMapping : Mapped "{[/error],produces=[text/html]}" onto public org.springframework.web.servlet.ModelAndView org.springframework.boot.autoconfigure.web.servlet.error.BasicErrorController.errorHtml(javax.servlet.http.HttpServletRequest,javax.servlet.http.HttpServletResponse)
2018-10-28 12:28:14.395  INFO 18460 --- [restartedMain] o.s.w.s.handler.SimpleUrlHandlerMapping  : Mapped URL path [/webjars/**] onto handler of type [class org.springframework.web.servlet.resource.ResourceHttpRequestHandler]
2018-10-28 12:28:14.395  INFO 18460 --- [restartedMain] o.s.w.s.handler.SimpleUrlHandlerMapping  : Mapped URL path [/**] onto handler of type [class org.springframework.web.servlet.resource.ResourceHttpRequestHandler]
2018-10-28 12:28:14.743  WARN 18460 --- [restartedMain] o.s.b.d.a.OptionalLiveReloadServer       : Unable to start LiveReload server
2018-10-28 12:28:15.397  INFO 18460 --- [restartedMain] o.s.b.a.e.web.EndpointLinksResolver      : Exposing 2 endpoint(s) beneath base path '/actuator'
2018-10-28 12:28:15.404  INFO 18460 --- [restartedMain] s.b.a.e.w.s.WebMvcEndpointHandlerMapping : Mapped "{[/actuator/health],methods=[GET],produces=[application/vnd.spring-boot.actuator.v2+json || application/json]}" onto public java.lang.Object org.springframework.boot.actuate.endpoint.web.servlet.AbstractWebMvcEndpointHandlerMapping$OperationHandler.handle(javax.servlet.http.HttpServletRequest,java.util.Map<java.lang.String, java.lang.String>)
2018-10-28 12:28:15.419  INFO 18460 --- [restartedMain] s.b.a.e.w.s.WebMvcEndpointHandlerMapping : Mapped "{[/actuator/info],methods=[GET],produces=[application/vnd.spring-boot.actuator.v2+json || application/json]}" onto public java.lang.Object org.springframework.boot.actuate.endpoint.web.servlet.AbstractWebMvcEndpointHandlerMapping$OperationHandler.handle(javax.servlet.http.HttpServletRequest,java.util.Map<java.lang.String, java.lang.String>)
2018-10-28 12:28:15.419  INFO 18460 --- [restartedMain] s.b.a.e.w.s.WebMvcEndpointHandlerMapping : Mapped "{[/actuator],methods=[GET],produces=[application/vnd.spring-boot.actuator.v2+json || application/json]}" onto protected java.util.Map<java.lang.String, java.util.Map<java.lang.String, org.springframework.boot.actuate.endpoint.web.Link>> org.springframework.boot.actuate.endpoint.web.servlet.WebMvcEndpointHandlerMapping.links(javax.servlet.http.HttpServletRequest,javax.servlet.http.HttpServletResponse)
2018-10-28 12:28:15.466  INFO 18460 --- [restartedMain] o.s.j.e.a.AnnotationMBeanExporter        : Registering beans for JMX exposure on startup
2018-10-28 12:28:15.482  INFO 18460 --- [restartedMain] o.s.j.e.a.AnnotationMBeanExporter        : Bean with name 'environmentManager' has been autodetected for JMX exposure
2018-10-28 12:28:15.482  INFO 18460 --- [restartedMain] o.s.j.e.a.AnnotationMBeanExporter        : Bean with name 'refreshScope' has been autodetected for JMX exposure
2018-10-28 12:28:15.482  INFO 18460 --- [restartedMain] o.s.j.e.a.AnnotationMBeanExporter        : Bean with name 'configurationPropertiesRebinder' has been autodetected for JMX exposure
2018-10-28 12:28:15.482  INFO 18460 --- [restartedMain] o.s.j.e.a.AnnotationMBeanExporter        : Located managed bean 'environmentManager': registering with JMX server as MBean [org.springframework.cloud.context.environment:name=environmentManager,type=EnvironmentManager]
2018-10-28 12:28:15.497  INFO 18460 --- [restartedMain] o.s.j.e.a.AnnotationMBeanExporter        : Located managed bean 'refreshScope': registering with JMX server as MBean [org.springframework.cloud.context.scope.refresh:name=refreshScope,type=RefreshScope]
2018-10-28 12:28:15.513  INFO 18460 --- [restartedMain] o.s.j.e.a.AnnotationMBeanExporter        : Located managed bean 'configurationPropertiesRebinder': registering with JMX server as MBean [org.springframework.cloud.context.properties:name=configurationPropertiesRebinder,context=2b0f2cb4,type=ConfigurationPropertiesRebinder]
2018-10-28 12:28:15.597  INFO 18460 --- [restartedMain] o.s.b.w.embedded.tomcat.TomcatWebServer  : Tomcat started on port(s): 8200 (http) with context path ''
2018-10-28 12:28:15.597  INFO 18460 --- [restartedMain] c.e.m.s.ShapeServiceApplication          : Started ShapeServiceApplication in 7.724 seconds (JVM running for 12.961)
2018-10-28 12:30:47.546  INFO 18460 --- [http-nio-8200-exec-1] o.a.c.c.C.[Tomcat].[localhost].[/]       : Initializing Spring FrameworkServlet 'dispatcherServlet'
2018-10-28 12:30:47.549  INFO 18460 --- [http-nio-8200-exec-1] o.s.web.servlet.DispatcherServlet        : FrameworkServlet 'dispatcherServlet': initialization started
2018-10-28 12:30:47.600  INFO 18460 --- [http-nio-8200-exec-1] o.s.web.servlet.DispatcherServlet        : FrameworkServlet 'dispatcherServlet': initialization completed in 50 ms
2018-10-28 12:31:07.635  INFO 18460 --- [http-nio-8200-exec-9] c.e.m.s.c.ShapeServiceController         : ShapeServiceController.getShapeDetails---> {}
2018-10-28 12:31:07.778  INFO 18460 --- [http-nio-8200-exec-10] c.e.m.s.c.ShapeServiceController         : ShapeServiceController.getShapeDetails---> {}
2018-10-28 12:31:08.539  INFO 18460 --- [http-nio-8200-exec-1] c.e.m.s.c.ShapeServiceController         : ShapeServiceController.getShapeDetails---> {}
2018-10-28 12:33:21.683  INFO 18460 --- [http-nio-8200-exec-6] c.e.m.s.c.ShapeServiceController         : ShapeServiceController.getShapeDetails---> {}
2018-10-28 12:33:22.599  INFO 18460 --- [http-nio-8200-exec-4] c.e.m.s.c.ShapeServiceController         : ShapeServiceController.getShapeDetails---> {}
2018-10-28 12:37:00.655  INFO 18460 --- [http-nio-8200-exec-8] c.e.m.s.c.ShapeServiceController         : ShapeServiceController.getShapeDetailsFeign---> {}
2018-10-28 12:37:00.691  INFO 18460 --- [http-nio-8200-exec-9] c.e.m.s.c.ShapeServiceController         : ShapeServiceController.getShapeDetailsFeign---> {}
2018-10-28 12:37:01.329  INFO 18460 --- [http-nio-8200-exec-10] c.e.m.s.c.ShapeServiceController         : ShapeServiceController.getShapeDetailsFeign---> {}
2018-10-28 13:30:14.063  INFO 18460 --- [http-nio-8200-exec-5] c.e.m.s.c.ShapeServiceController         : ShapeServiceController.getShapeDetails---> {}
2018-10-28 13:30:14.944  INFO 18460 --- [http-nio-8200-exec-6] c.e.m.s.c.ShapeServiceController         : ShapeServiceController.getShapeDetails---> {}
2018-10-28 13:30:20.166  INFO 18460 --- [http-nio-8200-exec-4] c.e.m.s.c.ShapeServiceController         : ShapeServiceController.getShapeDetails---> {}
2018-10-28 13:30:20.261  INFO 18460 --- [http-nio-8200-exec-7] c.e.m.s.c.ShapeServiceController         : ShapeServiceController.getShapeDetails---> {}
2018-10-28 13:30:20.724  INFO 18460 --- [http-nio-8200-exec-8] c.e.m.s.c.ShapeServiceController         : ShapeServiceController.getShapeDetails---> {}
2018-10-28 13:30:24.504  INFO 18460 --- [http-nio-8200-exec-9] c.e.m.s.c.ShapeServiceController         : ShapeServiceController.getShapeDetails---> {}
2018-10-28 13:30:24.560  INFO 18460 --- [http-nio-8200-exec-10] c.e.m.s.c.ShapeServiceController         : ShapeServiceController.getShapeDetails---> {}
2018-10-28 13:30:25.196  INFO 18460 --- [http-nio-8200-exec-1] c.e.m.s.c.ShapeServiceController         : ShapeServiceController.getShapeDetails---> {}
2018-10-28 16:23:36.723  INFO 18460 --- [http-nio-8200-exec-6] c.e.m.s.c.ShapeServiceController         : ShapeServiceController.getShapeDetailsFeign---> {}
2018-10-28 16:23:38.255  INFO 18460 --- [http-nio-8200-exec-4] c.e.m.s.c.ShapeServiceController         : ShapeServiceController.getShapeDetailsFeign---> {}
2018-10-28 16:23:43.808  INFO 18460 --- [http-nio-8200-exec-7] c.e.m.s.c.ShapeServiceController         : ShapeServiceController.getShapeDetailsFeign---> {}
2018-10-28 16:23:43.889  INFO 18460 --- [http-nio-8200-exec-8] c.e.m.s.c.ShapeServiceController         : ShapeServiceController.getShapeDetailsFeign---> {}
2018-10-28 16:23:44.344  INFO 18460 --- [http-nio-8200-exec-9] c.e.m.s.c.ShapeServiceController         : ShapeServiceController.getShapeDetailsFeign---> {}
2018-10-28 16:23:53.613  INFO 18460 --- [http-nio-8200-exec-10] c.e.m.s.c.ShapeServiceController         : ShapeServiceController.getShapeDetailsFeign---> {}
2018-10-28 16:23:53.662  INFO 18460 --- [http-nio-8200-exec-1] c.e.m.s.c.ShapeServiceController         : ShapeServiceController.getShapeDetailsFeign---> {}
2018-10-28 16:23:54.199  INFO 18460 --- [http-nio-8200-exec-2] c.e.m.s.c.ShapeServiceController         : ShapeServiceController.getShapeDetailsFeign---> {}
2018-10-28 17:04:38.229  INFO 18460 --- [RMI TCP Connection(287)-127.0.0.1] inMXBeanRegistrar$SpringApplicationAdmin : Application shutdown requested.
2018-10-28 17:04:38.239  INFO 18460 --- [RMI TCP Connection(287)-127.0.0.1] ConfigServletWebServerApplicationContext : Closing org.springframework.boot.web.servlet.context.AnnotationConfigServletWebServerApplicationContext@2b0f2cb4: startup date [Sun Oct 28 12:28:10 IST 2018]; parent: org.springframework.context.annotation.AnnotationConfigApplicationContext@4b76f430
2018-10-28 17:04:38.313  INFO 18460 --- [RMI TCP Connection(287)-127.0.0.1] o.s.j.e.a.AnnotationMBeanExporter        : Unregistering JMX-exposed beans on shutdown
2018-10-28 17:04:38.313  INFO 18460 --- [RMI TCP Connection(287)-127.0.0.1] o.s.j.e.a.AnnotationMBeanExporter        : Unregistering JMX-exposed beans
2018-10-28 17:04:38.345  INFO 18460 --- [RMI TCP Connection(287)-127.0.0.1] s.c.a.AnnotationConfigApplicationContext : Closing FeignContext-area-service: startup date [Sun Oct 28 12:28:13 IST 2018]; parent: org.springframework.boot.web.servlet.context.AnnotationConfigServletWebServerApplicationContext@2b0f2cb4
2018-10-28 17:04:38.345  INFO 18460 --- [RMI TCP Connection(287)-127.0.0.1] s.c.a.AnnotationConfigApplicationContext : Closing FeignContext-perimeter-service: startup date [Sun Oct 28 12:28:13 IST 2018]; parent: org.springframework.boot.web.servlet.context.AnnotationConfigServletWebServerApplicationContext@2b0f2cb4
2018-10-28 17:04:38.692  INFO 18460 --- [RMI TCP Connection(287)-127.0.0.1] o.apache.catalina.core.StandardService   : Stopping service [Tomcat]
2018-10-28 17:04:38.715  INFO 18460 --- [localhost-startStop-2] o.a.c.c.C.[Tomcat].[localhost].[/]       : Destroying Spring FrameworkServlet 'dispatcherServlet'
2018-10-28 18:27:30.216  INFO 4052 --- [restartedMain] c.e.m.s.ShapeServiceApplication          : No active profile set, falling back to default profiles: default
2018-10-28 18:27:30.236  INFO 4052 --- [restartedMain] ConfigServletWebServerApplicationContext : Refreshing org.springframework.boot.web.servlet.context.AnnotationConfigServletWebServerApplicationContext@1301d525: startup date [Sun Oct 28 18:27:30 IST 2018]; parent: org.springframework.context.annotation.AnnotationConfigApplicationContext@789f10d3
2018-10-28 18:27:31.818  INFO 4052 --- [restartedMain] o.s.cloud.context.scope.GenericScope     : BeanFactory id=c042d5e2-4849-3a12-af34-6bdf9d4adb4a
2018-10-28 18:27:31.831  INFO 4052 --- [restartedMain] f.a.AutowiredAnnotationBeanPostProcessor : JSR-330 'javax.inject.Inject' annotation found and supported for autowiring
2018-10-28 18:27:31.994  INFO 4052 --- [restartedMain] trationDelegate$BeanPostProcessorChecker : Bean 'org.springframework.cloud.autoconfigure.ConfigurationPropertiesRebinderAutoConfiguration' of type [org.springframework.cloud.autoconfigure.ConfigurationPropertiesRebinderAutoConfiguration$$EnhancerBySpringCGLIB$$8fadf8db] is not eligible for getting processed by all BeanPostProcessors (for example: not eligible for auto-proxying)
2018-10-28 18:27:32.714  INFO 4052 --- [restartedMain] o.s.b.w.embedded.tomcat.TomcatWebServer  : Tomcat initialized with port(s): 8200 (http)
2018-10-28 18:27:32.741  INFO 4052 --- [restartedMain] o.apache.catalina.core.StandardService   : Starting service [Tomcat]
2018-10-28 18:27:32.742  INFO 4052 --- [restartedMain] org.apache.catalina.core.StandardEngine  : Starting Servlet Engine: Apache Tomcat/8.5.34
2018-10-28 18:27:32.749  INFO 4052 --- [localhost-startStop-1] o.a.catalina.core.AprLifecycleListener   : The APR based Apache Tomcat Native library which allows optimal performance in production environments was not found on the java.library.path: [C:\Program Files\Java\jre1.8.0_191\bin;C:\WINDOWS\Sun\Java\bin;C:\WINDOWS\system32;C:\WINDOWS;C:/Program Files/Java/jre1.8.0_191/bin/server;C:/Program Files/Java/jre1.8.0_191/bin;C:/Program Files/Java/jre1.8.0_191/lib/amd64;C:\Program Files (x86)\Common Files\Oracle\Java\javapath;C:\WINDOWS\system32;C:\WINDOWS;C:\WINDOWS\System32\Wbem;C:\WINDOWS\System32\WindowsPowerShell\v1.0\;C:\Program Files\Java\jdk1.8.0_191\bin;C:\Users\TapojitBhattacharya\Softwares\apache-maven-3.5.2-bin\apache-maven-3.5.2\bin;C:\Program Files\IBM\Bluemix\bin;C:\WINDOWS\System32\OpenSSH\;C:\Program Files\Git\cmd;C:\Users\TapojitBhattacharya\AppData\Local\Microsoft\WindowsApps;C:\Program Files (x86)\CVSNT\;%USERPROFILE%\AppData\Local\Microsoft\WindowsApps;;C:\Users\TapojitBhattacharya\Documents\Personal\Softwares\sts-bundle\sts-3.9.6.RELEASE;;.]
2018-10-28 18:27:33.309  INFO 4052 --- [localhost-startStop-1] o.a.c.c.C.[Tomcat].[localhost].[/]       : Initializing Spring embedded WebApplicationContext
2018-10-28 18:27:33.310  INFO 4052 --- [localhost-startStop-1] o.s.web.context.ContextLoader            : Root WebApplicationContext: initialization completed in 3074 ms
2018-10-28 18:27:34.257  INFO 4052 --- [localhost-startStop-1] o.s.b.w.servlet.FilterRegistrationBean   : Mapping filter: 'characterEncodingFilter' to: [/*]
2018-10-28 18:27:34.259  INFO 4052 --- [localhost-startStop-1] o.s.b.w.servlet.FilterRegistrationBean   : Mapping filter: 'webMvcMetricsFilter' to: [/*]
2018-10-28 18:27:34.259  INFO 4052 --- [localhost-startStop-1] o.s.b.w.servlet.FilterRegistrationBean   : Mapping filter: 'hiddenHttpMethodFilter' to: [/*]
2018-10-28 18:27:34.260  INFO 4052 --- [localhost-startStop-1] o.s.b.w.servlet.FilterRegistrationBean   : Mapping filter: 'httpPutFormContentFilter' to: [/*]
2018-10-28 18:27:34.260  INFO 4052 --- [localhost-startStop-1] o.s.b.w.servlet.FilterRegistrationBean   : Mapping filter: 'requestContextFilter' to: [/*]
2018-10-28 18:27:34.261  INFO 4052 --- [localhost-startStop-1] o.s.b.w.servlet.FilterRegistrationBean   : Mapping filter: 'httpTraceFilter' to: [/*]
2018-10-28 18:27:34.262  INFO 4052 --- [localhost-startStop-1] o.s.b.w.servlet.ServletRegistrationBean  : Servlet dispatcherServlet mapped to [/]
2018-10-28 18:27:34.316  INFO 4052 --- [restartedMain] s.c.a.AnnotationConfigApplicationContext : Refreshing FeignContext-area-service: startup date [Sun Oct 28 18:27:34 IST 2018]; parent: org.springframework.boot.web.servlet.context.AnnotationConfigServletWebServerApplicationContext@1301d525
2018-10-28 18:27:34.356  INFO 4052 --- [restartedMain] f.a.AutowiredAnnotationBeanPostProcessor : JSR-330 'javax.inject.Inject' annotation found and supported for autowiring
2018-10-28 18:27:34.742  INFO 4052 --- [restartedMain] s.c.a.AnnotationConfigApplicationContext : Refreshing FeignContext-perimeter-service: startup date [Sun Oct 28 18:27:34 IST 2018]; parent: org.springframework.boot.web.servlet.context.AnnotationConfigServletWebServerApplicationContext@1301d525
2018-10-28 18:27:34.764  INFO 4052 --- [restartedMain] f.a.AutowiredAnnotationBeanPostProcessor : JSR-330 'javax.inject.Inject' annotation found and supported for autowiring
2018-10-28 18:27:34.813  WARN 4052 --- [restartedMain] c.n.c.sources.URLConfigurationSource     : No URLs will be polled as dynamic configuration sources.
2018-10-28 18:27:34.814  INFO 4052 --- [restartedMain] c.n.c.sources.URLConfigurationSource     : To enable URLs as dynamic configuration sources, define System property archaius.configurationSource.additionalUrls or make config.properties available on classpath.
2018-10-28 18:27:34.822  WARN 4052 --- [restartedMain] c.n.c.sources.URLConfigurationSource     : No URLs will be polled as dynamic configuration sources.
2018-10-28 18:27:34.822  INFO 4052 --- [restartedMain] c.n.c.sources.URLConfigurationSource     : To enable URLs as dynamic configuration sources, define System property archaius.configurationSource.additionalUrls or make config.properties available on classpath.
2018-10-28 18:27:35.001  INFO 4052 --- [restartedMain] o.s.w.s.handler.SimpleUrlHandlerMapping  : Mapped URL path [/**/favicon.ico] onto handler of type [class org.springframework.web.servlet.resource.ResourceHttpRequestHandler]
2018-10-28 18:27:35.249  INFO 4052 --- [restartedMain] s.w.s.m.m.a.RequestMappingHandlerAdapter : Looking for @ControllerAdvice: org.springframework.boot.web.servlet.context.AnnotationConfigServletWebServerApplicationContext@1301d525: startup date [Sun Oct 28 18:27:30 IST 2018]; parent: org.springframework.context.annotation.AnnotationConfigApplicationContext@789f10d3
2018-10-28 18:27:35.319  INFO 4052 --- [restartedMain] s.w.s.m.m.a.RequestMappingHandlerMapping : Mapped "{[/shapeDetails/shapeType/{shapeType}],methods=[GET]}" onto public com.evergreenprogrammer.microservices.shapeservice.bo.Shape com.evergreenprogrammer.microservices.shapeservice.controller.ShapeServiceController.getShapeDetails(java.lang.String)
2018-10-28 18:27:35.320  INFO 4052 --- [restartedMain] s.w.s.m.m.a.RequestMappingHandlerMapping : Mapped "{[/shapeDetailsFeign/shapeType/{shapeType}],methods=[GET]}" onto public com.evergreenprogrammer.microservices.shapeservice.bo.Shape com.evergreenprogrammer.microservices.shapeservice.controller.ShapeServiceController.getShapeDetailsFeign(java.lang.String)
2018-10-28 18:27:35.324  INFO 4052 --- [restartedMain] s.w.s.m.m.a.RequestMappingHandlerMapping : Mapped "{[/error]}" onto public org.springframework.http.ResponseEntity<java.util.Map<java.lang.String, java.lang.Object>> org.springframework.boot.autoconfigure.web.servlet.error.BasicErrorController.error(javax.servlet.http.HttpServletRequest)
2018-10-28 18:27:35.325  INFO 4052 --- [restartedMain] s.w.s.m.m.a.RequestMappingHandlerMapping : Mapped "{[/error],produces=[text/html]}" onto public org.springframework.web.servlet.ModelAndView org.springframework.boot.autoconfigure.web.servlet.error.BasicErrorController.errorHtml(javax.servlet.http.HttpServletRequest,javax.servlet.http.HttpServletResponse)
2018-10-28 18:27:35.366  INFO 4052 --- [restartedMain] o.s.w.s.handler.SimpleUrlHandlerMapping  : Mapped URL path [/webjars/**] onto handler of type [class org.springframework.web.servlet.resource.ResourceHttpRequestHandler]
2018-10-28 18:27:35.366  INFO 4052 --- [restartedMain] o.s.w.s.handler.SimpleUrlHandlerMapping  : Mapped URL path [/**] onto handler of type [class org.springframework.web.servlet.resource.ResourceHttpRequestHandler]
2018-10-28 18:27:35.853  WARN 4052 --- [restartedMain] o.s.b.d.a.OptionalLiveReloadServer       : Unable to start LiveReload server
2018-10-28 18:27:36.549  INFO 4052 --- [restartedMain] o.s.b.a.e.web.EndpointLinksResolver      : Exposing 2 endpoint(s) beneath base path '/actuator'
2018-10-28 18:27:36.566  INFO 4052 --- [restartedMain] s.b.a.e.w.s.WebMvcEndpointHandlerMapping : Mapped "{[/actuator/health],methods=[GET],produces=[application/vnd.spring-boot.actuator.v2+json || application/json]}" onto public java.lang.Object org.springframework.boot.actuate.endpoint.web.servlet.AbstractWebMvcEndpointHandlerMapping$OperationHandler.handle(javax.servlet.http.HttpServletRequest,java.util.Map<java.lang.String, java.lang.String>)
2018-10-28 18:27:36.567  INFO 4052 --- [restartedMain] s.b.a.e.w.s.WebMvcEndpointHandlerMapping : Mapped "{[/actuator/info],methods=[GET],produces=[application/vnd.spring-boot.actuator.v2+json || application/json]}" onto public java.lang.Object org.springframework.boot.actuate.endpoint.web.servlet.AbstractWebMvcEndpointHandlerMapping$OperationHandler.handle(javax.servlet.http.HttpServletRequest,java.util.Map<java.lang.String, java.lang.String>)
2018-10-28 18:27:36.571  INFO 4052 --- [restartedMain] s.b.a.e.w.s.WebMvcEndpointHandlerMapping : Mapped "{[/actuator],methods=[GET],produces=[application/vnd.spring-boot.actuator.v2+json || application/json]}" onto protected java.util.Map<java.lang.String, java.util.Map<java.lang.String, org.springframework.boot.actuate.endpoint.web.Link>> org.springframework.boot.actuate.endpoint.web.servlet.WebMvcEndpointHandlerMapping.links(javax.servlet.http.HttpServletRequest,javax.servlet.http.HttpServletResponse)
2018-10-28 18:27:36.660  INFO 4052 --- [restartedMain] o.s.j.e.a.AnnotationMBeanExporter        : Registering beans for JMX exposure on startup
2018-10-28 18:27:36.676  INFO 4052 --- [restartedMain] o.s.j.e.a.AnnotationMBeanExporter        : Bean with name 'environmentManager' has been autodetected for JMX exposure
2018-10-28 18:27:36.679  INFO 4052 --- [restartedMain] o.s.j.e.a.AnnotationMBeanExporter        : Bean with name 'refreshScope' has been autodetected for JMX exposure
2018-10-28 18:27:36.681  INFO 4052 --- [restartedMain] o.s.j.e.a.AnnotationMBeanExporter        : Bean with name 'configurationPropertiesRebinder' has been autodetected for JMX exposure
2018-10-28 18:27:36.686  INFO 4052 --- [restartedMain] o.s.j.e.a.AnnotationMBeanExporter        : Located managed bean 'environmentManager': registering with JMX server as MBean [org.springframework.cloud.context.environment:name=environmentManager,type=EnvironmentManager]
2018-10-28 18:27:36.703  INFO 4052 --- [restartedMain] o.s.j.e.a.AnnotationMBeanExporter        : Located managed bean 'refreshScope': registering with JMX server as MBean [org.springframework.cloud.context.scope.refresh:name=refreshScope,type=RefreshScope]
2018-10-28 18:27:36.716  INFO 4052 --- [restartedMain] o.s.j.e.a.AnnotationMBeanExporter        : Located managed bean 'configurationPropertiesRebinder': registering with JMX server as MBean [org.springframework.cloud.context.properties:name=configurationPropertiesRebinder,context=1301d525,type=ConfigurationPropertiesRebinder]
2018-10-28 18:27:36.820  INFO 4052 --- [restartedMain] o.s.b.w.embedded.tomcat.TomcatWebServer  : Tomcat started on port(s): 8200 (http) with context path ''
2018-10-28 18:27:36.826  INFO 4052 --- [restartedMain] c.e.m.s.ShapeServiceApplication          : Started ShapeServiceApplication in 9.1 seconds (JVM running for 12.13)
2018-10-28 18:27:57.146  INFO 4052 --- [http-nio-8200-exec-1] o.a.c.c.C.[Tomcat].[localhost].[/]       : Initializing Spring FrameworkServlet 'dispatcherServlet'
2018-10-28 18:27:57.148  INFO 4052 --- [http-nio-8200-exec-1] o.s.web.servlet.DispatcherServlet        : FrameworkServlet 'dispatcherServlet': initialization started
2018-10-28 18:27:57.172  INFO 4052 --- [http-nio-8200-exec-1] o.s.web.servlet.DispatcherServlet        : FrameworkServlet 'dispatcherServlet': initialization completed in 23 ms
2018-10-28 18:27:57.484  INFO 4052 --- [http-nio-8200-exec-1] c.e.m.s.c.ShapeServiceController         : ShapeServiceController.getShapeDetails---> {}
2018-10-28 18:27:58.560  INFO 4052 --- [http-nio-8200-exec-2] c.e.m.s.c.ShapeServiceController         : ShapeServiceController.getShapeDetails---> {}
2018-10-28 18:29:26.125  INFO 4052 --- [http-nio-8200-exec-6] c.e.m.s.c.ShapeServiceController         : ShapeServiceController.getShapeDetails---> {}
2018-10-28 18:29:26.993  INFO 4052 --- [http-nio-8200-exec-7] c.e.m.s.c.ShapeServiceController         : ShapeServiceController.getShapeDetails---> {}
2018-10-28 18:30:20.736  INFO 4052 --- [http-nio-8200-exec-8] c.e.m.s.c.ShapeServiceController         : ShapeServiceController.getShapeDetails---> {}
2018-10-28 18:30:21.723  INFO 4052 --- [http-nio-8200-exec-9] c.e.m.s.c.ShapeServiceController         : ShapeServiceController.getShapeDetails---> {}
2018-10-28 18:59:34.095  INFO 4052 --- [http-nio-8200-exec-1] c.e.m.s.c.ShapeServiceController         : ShapeServiceController.getShapeDetailsFeign---> {}
2018-10-28 18:59:35.122  INFO 4052 --- [http-nio-8200-exec-2] c.e.m.s.c.ShapeServiceController         : ShapeServiceController.getShapeDetailsFeign---> {}
2018-10-28 19:00:54.151  INFO 4052 --- [http-nio-8200-exec-6] c.e.m.s.c.ShapeServiceController         : ShapeServiceController.getShapeDetailsFeign---> {}
2018-10-28 19:00:54.952  INFO 4052 --- [http-nio-8200-exec-7] c.e.m.s.c.ShapeServiceController         : ShapeServiceController.getShapeDetailsFeign---> {}
2018-10-28 19:01:46.939  INFO 4052 --- [http-nio-8200-exec-8] c.e.m.s.c.ShapeServiceController         : ShapeServiceController.getShapeDetailsFeign---> {}
2018-10-28 19:01:47.758  INFO 4052 --- [http-nio-8200-exec-9] c.e.m.s.c.ShapeServiceController         : ShapeServiceController.getShapeDetailsFeign---> {}
2018-10-28 19:22:41.642  INFO 4052 --- [RMI TCP Connection(62)-127.0.0.1] inMXBeanRegistrar$SpringApplicationAdmin : Application shutdown requested.
2018-10-28 19:22:41.657  INFO 4052 --- [RMI TCP Connection(62)-127.0.0.1] ConfigServletWebServerApplicationContext : Closing org.springframework.boot.web.servlet.context.AnnotationConfigServletWebServerApplicationContext@1301d525: startup date [Sun Oct 28 18:27:30 IST 2018]; parent: org.springframework.context.annotation.AnnotationConfigApplicationContext@789f10d3
2018-10-28 19:22:41.672  INFO 4052 --- [RMI TCP Connection(62)-127.0.0.1] o.s.j.e.a.AnnotationMBeanExporter        : Unregistering JMX-exposed beans on shutdown
2018-10-28 19:22:41.672  INFO 4052 --- [RMI TCP Connection(62)-127.0.0.1] o.s.j.e.a.AnnotationMBeanExporter        : Unregistering JMX-exposed beans
2018-10-28 19:22:41.688  INFO 4052 --- [RMI TCP Connection(62)-127.0.0.1] s.c.a.AnnotationConfigApplicationContext : Closing FeignContext-area-service: startup date [Sun Oct 28 18:27:34 IST 2018]; parent: org.springframework.boot.web.servlet.context.AnnotationConfigServletWebServerApplicationContext@1301d525
2018-10-28 19:22:41.688  INFO 4052 --- [RMI TCP Connection(62)-127.0.0.1] s.c.a.AnnotationConfigApplicationContext : Closing FeignContext-perimeter-service: startup date [Sun Oct 28 18:27:34 IST 2018]; parent: org.springframework.boot.web.servlet.context.AnnotationConfigServletWebServerApplicationContext@1301d525
2018-10-28 19:22:41.958  INFO 4052 --- [RMI TCP Connection(62)-127.0.0.1] o.apache.catalina.core.StandardService   : Stopping service [Tomcat]
2018-10-28 19:22:41.974  INFO 4052 --- [localhost-startStop-2] o.a.c.c.C.[Tomcat].[localhost].[/]       : Destroying Spring FrameworkServlet 'dispatcherServlet'
