2018-10-28 11:39:26.773  INFO 8184 --- [restartedMain] c.e.m.p.PerimeterServiceApplication      : Starting PerimeterServiceApplication on DESKTOP-T5HSAB1 with PID 8184 (C:\Users\TapojitBhattacharya\sts-workspace\microservices\BlogApplicationInstallments\BlogPost5Application\perimeter-service\target\classes started by TapojitBhattacharya in C:\Users\TapojitBhattacharya\sts-workspace\microservices\BlogApplicationInstallments\BlogPost5Application\perimeter-service)
2018-10-28 11:39:26.773  INFO 8184 --- [restartedMain] c.e.m.p.PerimeterServiceApplication      : No active profile set, falling back to default profiles: default
2018-10-28 11:39:26.842  INFO 8184 --- [restartedMain] ConfigServletWebServerApplicationContext : Refreshing org.springframework.boot.web.servlet.context.AnnotationConfigServletWebServerApplicationContext@602db8: startup date [Sun Oct 28 11:39:26 IST 2018]; root of context hierarchy
2018-10-28 11:39:28.833  INFO 8184 --- [restartedMain] o.s.b.w.embedded.tomcat.TomcatWebServer  : Tomcat initialized with port(s): 8100 (http)
2018-10-28 11:39:28.859  INFO 8184 --- [restartedMain] o.apache.catalina.core.StandardService   : Starting service [Tomcat]
2018-10-28 11:39:28.859  INFO 8184 --- [restartedMain] org.apache.catalina.core.StandardEngine  : Starting Servlet Engine: Apache Tomcat/8.5.34
2018-10-28 11:39:28.859  INFO 8184 --- [localhost-startStop-1] o.a.catalina.core.AprLifecycleListener   : The APR based Apache Tomcat Native library which allows optimal performance in production environments was not found on the java.library.path: [C:\Program Files\Java\jre1.8.0_191\bin;C:\WINDOWS\Sun\Java\bin;C:\WINDOWS\system32;C:\WINDOWS;C:/Program Files/Java/jre1.8.0_191/bin/server;C:/Program Files/Java/jre1.8.0_191/bin;C:/Program Files/Java/jre1.8.0_191/lib/amd64;C:\Program Files (x86)\Common Files\Oracle\Java\javapath;C:\WINDOWS\system32;C:\WINDOWS;C:\WINDOWS\System32\Wbem;C:\WINDOWS\System32\WindowsPowerShell\v1.0\;C:\Program Files\Java\jdk1.8.0_191\bin;C:\Users\TapojitBhattacharya\Softwares\apache-maven-3.5.2-bin\apache-maven-3.5.2\bin;C:\Program Files\IBM\Bluemix\bin;C:\WINDOWS\System32\OpenSSH\;C:\Program Files\Git\cmd;C:\Users\TapojitBhattacharya\AppData\Local\Microsoft\WindowsApps;C:\Program Files (x86)\CVSNT\;%USERPROFILE%\AppData\Local\Microsoft\WindowsApps;;C:\Users\TapojitBhattacharya\Documents\Personal\Softwares\sts-bundle\sts-3.9.6.RELEASE;;.]
2018-10-28 11:39:29.268  INFO 8184 --- [localhost-startStop-1] o.a.c.c.C.[Tomcat].[localhost].[/]       : Initializing Spring embedded WebApplicationContext
2018-10-28 11:39:29.268  INFO 8184 --- [localhost-startStop-1] o.s.web.context.ContextLoader            : Root WebApplicationContext: initialization completed in 2426 ms
2018-10-28 11:39:29.970  INFO 8184 --- [localhost-startStop-1] o.s.b.w.servlet.FilterRegistrationBean   : Mapping filter: 'characterEncodingFilter' to: [/*]
2018-10-28 11:39:29.971  INFO 8184 --- [localhost-startStop-1] o.s.b.w.servlet.FilterRegistrationBean   : Mapping filter: 'webMvcMetricsFilter' to: [/*]
2018-10-28 11:39:29.971  INFO 8184 --- [localhost-startStop-1] o.s.b.w.servlet.FilterRegistrationBean   : Mapping filter: 'hiddenHttpMethodFilter' to: [/*]
2018-10-28 11:39:29.972  INFO 8184 --- [localhost-startStop-1] o.s.b.w.servlet.FilterRegistrationBean   : Mapping filter: 'httpPutFormContentFilter' to: [/*]
2018-10-28 11:39:29.972  INFO 8184 --- [localhost-startStop-1] o.s.b.w.servlet.FilterRegistrationBean   : Mapping filter: 'requestContextFilter' to: [/*]
2018-10-28 11:39:29.972  INFO 8184 --- [localhost-startStop-1] o.s.b.w.servlet.FilterRegistrationBean   : Mapping filter: 'httpTraceFilter' to: [/*]
2018-10-28 11:39:29.972  INFO 8184 --- [localhost-startStop-1] o.s.b.w.servlet.ServletRegistrationBean  : Servlet dispatcherServlet mapped to [/]
2018-10-28 11:39:30.082  INFO 8184 --- [restartedMain] o.s.w.s.handler.SimpleUrlHandlerMapping  : Mapped URL path [/**/favicon.ico] onto handler of type [class org.springframework.web.servlet.resource.ResourceHttpRequestHandler]
2018-10-28 11:39:30.247  INFO 8184 --- [restartedMain] s.w.s.m.m.a.RequestMappingHandlerAdapter : Looking for @ControllerAdvice: org.springframework.boot.web.servlet.context.AnnotationConfigServletWebServerApplicationContext@602db8: startup date [Sun Oct 28 11:39:26 IST 2018]; root of context hierarchy
2018-10-28 11:39:30.299  INFO 8184 --- [restartedMain] s.w.s.m.m.a.RequestMappingHandlerMapping : Mapped "{[/perimeter/shapeType/{shapeType}],methods=[GET]}" onto public com.evergreenprogrammer.microservices.perimeterservice.bo.Perimeter com.evergreenprogrammer.microservices.perimeterservice.controller.PerimeterServiceController.getPerimeter(java.lang.String)
2018-10-28 11:39:30.315  INFO 8184 --- [restartedMain] s.w.s.m.m.a.RequestMappingHandlerMapping : Mapped "{[/error]}" onto public org.springframework.http.ResponseEntity<java.util.Map<java.lang.String, java.lang.Object>> org.springframework.boot.autoconfigure.web.servlet.error.BasicErrorController.error(javax.servlet.http.HttpServletRequest)
2018-10-28 11:39:30.315  INFO 8184 --- [restartedMain] s.w.s.m.m.a.RequestMappingHandlerMapping : Mapped "{[/error],produces=[text/html]}" onto public org.springframework.web.servlet.ModelAndView org.springframework.boot.autoconfigure.web.servlet.error.BasicErrorController.errorHtml(javax.servlet.http.HttpServletRequest,javax.servlet.http.HttpServletResponse)
2018-10-28 11:39:30.332  INFO 8184 --- [restartedMain] o.s.w.s.handler.SimpleUrlHandlerMapping  : Mapped URL path [/webjars/**] onto handler of type [class org.springframework.web.servlet.resource.ResourceHttpRequestHandler]
2018-10-28 11:39:30.332  INFO 8184 --- [restartedMain] o.s.w.s.handler.SimpleUrlHandlerMapping  : Mapped URL path [/**] onto handler of type [class org.springframework.web.servlet.resource.ResourceHttpRequestHandler]
2018-10-28 11:39:30.634  WARN 8184 --- [restartedMain] o.s.b.d.a.OptionalLiveReloadServer       : Unable to start LiveReload server
2018-10-28 11:39:30.648  INFO 8184 --- [restartedMain] o.s.b.a.e.web.EndpointLinksResolver      : Exposing 2 endpoint(s) beneath base path '/actuator'
2018-10-28 11:39:30.664  INFO 8184 --- [restartedMain] s.b.a.e.w.s.WebMvcEndpointHandlerMapping : Mapped "{[/actuator/health],methods=[GET],produces=[application/vnd.spring-boot.actuator.v2+json || application/json]}" onto public java.lang.Object org.springframework.boot.actuate.endpoint.web.servlet.AbstractWebMvcEndpointHandlerMapping$OperationHandler.handle(javax.servlet.http.HttpServletRequest,java.util.Map<java.lang.String, java.lang.String>)
2018-10-28 11:39:30.664  INFO 8184 --- [restartedMain] s.b.a.e.w.s.WebMvcEndpointHandlerMapping : Mapped "{[/actuator/info],methods=[GET],produces=[application/vnd.spring-boot.actuator.v2+json || application/json]}" onto public java.lang.Object org.springframework.boot.actuate.endpoint.web.servlet.AbstractWebMvcEndpointHandlerMapping$OperationHandler.handle(javax.servlet.http.HttpServletRequest,java.util.Map<java.lang.String, java.lang.String>)
2018-10-28 11:39:30.664  INFO 8184 --- [restartedMain] s.b.a.e.w.s.WebMvcEndpointHandlerMapping : Mapped "{[/actuator],methods=[GET],produces=[application/vnd.spring-boot.actuator.v2+json || application/json]}" onto protected java.util.Map<java.lang.String, java.util.Map<java.lang.String, org.springframework.boot.actuate.endpoint.web.Link>> org.springframework.boot.actuate.endpoint.web.servlet.WebMvcEndpointHandlerMapping.links(javax.servlet.http.HttpServletRequest,javax.servlet.http.HttpServletResponse)
2018-10-28 11:39:30.748  INFO 8184 --- [restartedMain] o.s.j.e.a.AnnotationMBeanExporter        : Registering beans for JMX exposure on startup
2018-10-28 11:39:30.995  INFO 8184 --- [restartedMain] o.s.b.w.embedded.tomcat.TomcatWebServer  : Tomcat started on port(s): 8100 (http) with context path ''
2018-10-28 11:39:31.003  INFO 8184 --- [restartedMain] c.e.m.p.PerimeterServiceApplication      : Started PerimeterServiceApplication in 4.76 seconds (JVM running for 7.564)
2018-10-28 11:49:28.044  INFO 8184 --- [Thread-2] ConfigServletWebServerApplicationContext : Closing org.springframework.boot.web.servlet.context.AnnotationConfigServletWebServerApplicationContext@602db8: startup date [Sun Oct 28 11:39:26 IST 2018]; root of context hierarchy
2018-10-28 11:49:28.066  INFO 8184 --- [Thread-2] o.s.j.e.a.AnnotationMBeanExporter        : Unregistering JMX-exposed beans on shutdown
2018-10-28 11:49:28.793  INFO 8184 --- [restartedMain] c.e.m.p.PerimeterServiceApplication      : Starting PerimeterServiceApplication on DESKTOP-T5HSAB1 with PID 8184 (C:\Users\TapojitBhattacharya\sts-workspace\microservices\BlogApplicationInstallments\BlogPost5Application\perimeter-service\target\classes started by TapojitBhattacharya in C:\Users\TapojitBhattacharya\sts-workspace\microservices\BlogApplicationInstallments\BlogPost5Application\perimeter-service)
2018-10-28 11:49:28.797  INFO 8184 --- [restartedMain] c.e.m.p.PerimeterServiceApplication      : No active profile set, falling back to default profiles: default
2018-10-28 11:49:28.797  INFO 8184 --- [restartedMain] ConfigServletWebServerApplicationContext : Refreshing org.springframework.boot.web.servlet.context.AnnotationConfigServletWebServerApplicationContext@6a3fb76d: startup date [Sun Oct 28 11:49:28 IST 2018]; root of context hierarchy
2018-10-28 11:49:29.499  INFO 8184 --- [restartedMain] o.s.b.w.embedded.tomcat.TomcatWebServer  : Tomcat initialized with port(s): 8100 (http)
2018-10-28 11:49:29.503  INFO 8184 --- [restartedMain] o.apache.catalina.core.StandardService   : Starting service [Tomcat]
2018-10-28 11:49:29.504  INFO 8184 --- [restartedMain] org.apache.catalina.core.StandardEngine  : Starting Servlet Engine: Apache Tomcat/8.5.34
2018-10-28 11:49:29.520  INFO 8184 --- [localhost-startStop-1] o.a.c.c.C.[Tomcat].[localhost].[/]       : Initializing Spring embedded WebApplicationContext
2018-10-28 11:49:29.520  INFO 8184 --- [localhost-startStop-1] o.s.web.context.ContextLoader            : Root WebApplicationContext: initialization completed in 723 ms
2018-10-28 11:49:29.662  INFO 8184 --- [localhost-startStop-1] o.s.b.w.servlet.FilterRegistrationBean   : Mapping filter: 'characterEncodingFilter' to: [/*]
2018-10-28 11:49:29.664  INFO 8184 --- [localhost-startStop-1] o.s.b.w.servlet.FilterRegistrationBean   : Mapping filter: 'webMvcMetricsFilter' to: [/*]
2018-10-28 11:49:29.664  INFO 8184 --- [localhost-startStop-1] o.s.b.w.servlet.FilterRegistrationBean   : Mapping filter: 'hiddenHttpMethodFilter' to: [/*]
2018-10-28 11:49:29.665  INFO 8184 --- [localhost-startStop-1] o.s.b.w.servlet.FilterRegistrationBean   : Mapping filter: 'httpPutFormContentFilter' to: [/*]
2018-10-28 11:49:29.667  INFO 8184 --- [localhost-startStop-1] o.s.b.w.servlet.FilterRegistrationBean   : Mapping filter: 'requestContextFilter' to: [/*]
2018-10-28 11:49:29.668  INFO 8184 --- [localhost-startStop-1] o.s.b.w.servlet.FilterRegistrationBean   : Mapping filter: 'httpTraceFilter' to: [/*]
2018-10-28 11:49:29.668  INFO 8184 --- [localhost-startStop-1] o.s.b.w.servlet.ServletRegistrationBean  : Servlet dispatcherServlet mapped to [/]
2018-10-28 11:49:29.699  INFO 8184 --- [restartedMain] o.s.w.s.handler.SimpleUrlHandlerMapping  : Mapped URL path [/**/favicon.ico] onto handler of type [class org.springframework.web.servlet.resource.ResourceHttpRequestHandler]
2018-10-28 11:49:29.769  INFO 8184 --- [restartedMain] s.w.s.m.m.a.RequestMappingHandlerAdapter : Looking for @ControllerAdvice: org.springframework.boot.web.servlet.context.AnnotationConfigServletWebServerApplicationContext@6a3fb76d: startup date [Sun Oct 28 11:49:28 IST 2018]; root of context hierarchy
2018-10-28 11:49:29.785  INFO 8184 --- [restartedMain] s.w.s.m.m.a.RequestMappingHandlerMapping : Mapped "{[/perimeter/shapeType/{shapeType}],methods=[GET]}" onto public com.evergreenprogrammer.microservices.perimeterservice.bo.Perimeter com.evergreenprogrammer.microservices.perimeterservice.controller.PerimeterServiceController.getPerimeter(java.lang.String)
2018-10-28 11:49:29.785  INFO 8184 --- [restartedMain] s.w.s.m.m.a.RequestMappingHandlerMapping : Mapped "{[/error]}" onto public org.springframework.http.ResponseEntity<java.util.Map<java.lang.String, java.lang.Object>> org.springframework.boot.autoconfigure.web.servlet.error.BasicErrorController.error(javax.servlet.http.HttpServletRequest)
2018-10-28 11:49:29.785  INFO 8184 --- [restartedMain] s.w.s.m.m.a.RequestMappingHandlerMapping : Mapped "{[/error],produces=[text/html]}" onto public org.springframework.web.servlet.ModelAndView org.springframework.boot.autoconfigure.web.servlet.error.BasicErrorController.errorHtml(javax.servlet.http.HttpServletRequest,javax.servlet.http.HttpServletResponse)
2018-10-28 11:49:29.799  INFO 8184 --- [restartedMain] o.s.w.s.handler.SimpleUrlHandlerMapping  : Mapped URL path [/webjars/**] onto handler of type [class org.springframework.web.servlet.resource.ResourceHttpRequestHandler]
2018-10-28 11:49:29.799  INFO 8184 --- [restartedMain] o.s.w.s.handler.SimpleUrlHandlerMapping  : Mapped URL path [/**] onto handler of type [class org.springframework.web.servlet.resource.ResourceHttpRequestHandler]
2018-10-28 11:49:30.008  WARN 8184 --- [restartedMain] o.s.b.d.a.OptionalLiveReloadServer       : Unable to start LiveReload server
2018-10-28 11:49:30.020  INFO 8184 --- [restartedMain] o.s.b.a.e.web.EndpointLinksResolver      : Exposing 2 endpoint(s) beneath base path '/actuator'
2018-10-28 11:49:30.025  INFO 8184 --- [restartedMain] s.b.a.e.w.s.WebMvcEndpointHandlerMapping : Mapped "{[/actuator/health],methods=[GET],produces=[application/vnd.spring-boot.actuator.v2+json || application/json]}" onto public java.lang.Object org.springframework.boot.actuate.endpoint.web.servlet.AbstractWebMvcEndpointHandlerMapping$OperationHandler.handle(javax.servlet.http.HttpServletRequest,java.util.Map<java.lang.String, java.lang.String>)
2018-10-28 11:49:30.025  INFO 8184 --- [restartedMain] s.b.a.e.w.s.WebMvcEndpointHandlerMapping : Mapped "{[/actuator/info],methods=[GET],produces=[application/vnd.spring-boot.actuator.v2+json || application/json]}" onto public java.lang.Object org.springframework.boot.actuate.endpoint.web.servlet.AbstractWebMvcEndpointHandlerMapping$OperationHandler.handle(javax.servlet.http.HttpServletRequest,java.util.Map<java.lang.String, java.lang.String>)
2018-10-28 11:49:30.025  INFO 8184 --- [restartedMain] s.b.a.e.w.s.WebMvcEndpointHandlerMapping : Mapped "{[/actuator],methods=[GET],produces=[application/vnd.spring-boot.actuator.v2+json || application/json]}" onto protected java.util.Map<java.lang.String, java.util.Map<java.lang.String, org.springframework.boot.actuate.endpoint.web.Link>> org.springframework.boot.actuate.endpoint.web.servlet.WebMvcEndpointHandlerMapping.links(javax.servlet.http.HttpServletRequest,javax.servlet.http.HttpServletResponse)
2018-10-28 11:49:30.066  INFO 8184 --- [restartedMain] o.s.j.e.a.AnnotationMBeanExporter        : Registering beans for JMX exposure on startup
2018-10-28 11:49:30.129  INFO 8184 --- [restartedMain] o.s.b.w.embedded.tomcat.TomcatWebServer  : Tomcat started on port(s): 8100 (http) with context path ''
2018-10-28 11:49:30.129  INFO 8184 --- [restartedMain] c.e.m.p.PerimeterServiceApplication      : Started PerimeterServiceApplication in 1.4 seconds (JVM running for 606.694)
2018-10-28 11:49:30.129  INFO 8184 --- [restartedMain] .ConditionEvaluationDeltaLoggingListener : Condition evaluation unchanged
2018-10-28 11:52:22.058  INFO 8184 --- [http-nio-8100-exec-3] o.a.c.c.C.[Tomcat].[localhost].[/]       : Initializing Spring FrameworkServlet 'dispatcherServlet'
2018-10-28 11:52:22.058  INFO 8184 --- [http-nio-8100-exec-3] o.s.web.servlet.DispatcherServlet        : FrameworkServlet 'dispatcherServlet': initialization started
2018-10-28 11:52:22.092  INFO 8184 --- [http-nio-8100-exec-3] o.s.web.servlet.DispatcherServlet        : FrameworkServlet 'dispatcherServlet': initialization completed in 20 ms
2018-10-28 11:52:22.157  INFO 8184 --- [http-nio-8100-exec-3] c.e.m.p.c.PerimeterServiceController     : PerimeterServiceController.getPerimeter.perimeter---> {}25.132741228718345
2018-10-28 11:52:22.346  INFO 8184 --- [http-nio-8100-exec-2] c.e.m.p.c.PerimeterServiceController     : PerimeterServiceController.getPerimeter.perimeter---> {}25.132741228718345
2018-10-28 11:52:23.571  INFO 8184 --- [http-nio-8100-exec-1] c.e.m.p.c.PerimeterServiceController     : PerimeterServiceController.getPerimeter.perimeter---> {}25.132741228718345
2018-10-28 11:52:33.742  INFO 8184 --- [http-nio-8100-exec-4] c.e.m.p.c.PerimeterServiceController     : PerimeterServiceController.getPerimeter.perimeter---> {}20.0
2018-10-28 11:52:33.757  INFO 8184 --- [http-nio-8100-exec-6] c.e.m.p.c.PerimeterServiceController     : PerimeterServiceController.getPerimeter.perimeter---> {}20.0
2018-10-28 11:52:34.221  INFO 8184 --- [http-nio-8100-exec-7] c.e.m.p.c.PerimeterServiceController     : PerimeterServiceController.getPerimeter.perimeter---> {}20.0
2018-10-28 11:52:45.671  INFO 8184 --- [http-nio-8100-exec-5] c.e.m.p.c.PerimeterServiceController     : PerimeterServiceController.getPerimeter.perimeter---> {}25.0
2018-10-28 11:52:45.684  INFO 8184 --- [http-nio-8100-exec-9] c.e.m.p.c.PerimeterServiceController     : PerimeterServiceController.getPerimeter.perimeter---> {}25.0
2018-10-28 11:52:46.042  INFO 8184 --- [http-nio-8100-exec-8] c.e.m.p.c.PerimeterServiceController     : PerimeterServiceController.getPerimeter.perimeter---> {}25.0
2018-10-28 12:30:27.693  INFO 8184 --- [http-nio-8100-exec-2] c.e.m.p.c.PerimeterServiceController     : PerimeterServiceController.getPerimeter.perimeter---> {}20.0
2018-10-28 12:30:30.255  INFO 8184 --- [http-nio-8100-exec-1] c.e.m.p.c.PerimeterServiceController     : PerimeterServiceController.getPerimeter.perimeter---> {}25.132741228718345
2018-10-28 12:31:07.615  INFO 8184 --- [http-nio-8100-exec-7] c.e.m.p.c.PerimeterServiceController     : PerimeterServiceController.getPerimeter.perimeter---> {}25.132741228718345
2018-10-28 12:31:07.762  INFO 8184 --- [http-nio-8100-exec-5] c.e.m.p.c.PerimeterServiceController     : PerimeterServiceController.getPerimeter.perimeter---> {}25.132741228718345
2018-10-28 12:31:08.531  INFO 8184 --- [http-nio-8100-exec-9] c.e.m.p.c.PerimeterServiceController     : PerimeterServiceController.getPerimeter.perimeter---> {}25.132741228718345
2018-10-28 12:33:21.669  INFO 8184 --- [http-nio-8100-exec-10] c.e.m.p.c.PerimeterServiceController     : PerimeterServiceController.getPerimeter.perimeter---> {}25.132741228718345
2018-10-28 12:33:22.593  INFO 8184 --- [http-nio-8100-exec-3] c.e.m.p.c.PerimeterServiceController     : PerimeterServiceController.getPerimeter.perimeter---> {}25.132741228718345
2018-10-28 12:37:00.645  INFO 8184 --- [http-nio-8100-exec-2] c.e.m.p.c.PerimeterServiceController     : PerimeterServiceController.getPerimeter.perimeter---> {}25.132741228718345
2018-10-28 12:37:00.675  INFO 8184 --- [http-nio-8100-exec-1] c.e.m.p.c.PerimeterServiceController     : PerimeterServiceController.getPerimeter.perimeter---> {}25.132741228718345
2018-10-28 12:37:01.314  INFO 8184 --- [http-nio-8100-exec-4] c.e.m.p.c.PerimeterServiceController     : PerimeterServiceController.getPerimeter.perimeter---> {}25.132741228718345
2018-10-28 13:30:14.050  INFO 8184 --- [http-nio-8100-exec-6] c.e.m.p.c.PerimeterServiceController     : PerimeterServiceController.getPerimeter.perimeter---> {}25.132741228718345
2018-10-28 13:30:14.943  INFO 8184 --- [http-nio-8100-exec-7] c.e.m.p.c.PerimeterServiceController     : PerimeterServiceController.getPerimeter.perimeter---> {}25.132741228718345
2018-10-28 13:30:20.159  INFO 8184 --- [http-nio-8100-exec-5] c.e.m.p.c.PerimeterServiceController     : PerimeterServiceController.getPerimeter.perimeter---> {}20.0
2018-10-28 13:30:20.261  INFO 8184 --- [http-nio-8100-exec-9] c.e.m.p.c.PerimeterServiceController     : PerimeterServiceController.getPerimeter.perimeter---> {}20.0
2018-10-28 13:30:20.716  INFO 8184 --- [http-nio-8100-exec-8] c.e.m.p.c.PerimeterServiceController     : PerimeterServiceController.getPerimeter.perimeter---> {}20.0
2018-10-28 13:30:24.500  INFO 8184 --- [http-nio-8100-exec-10] c.e.m.p.c.PerimeterServiceController     : PerimeterServiceController.getPerimeter.perimeter---> {}25.0
2018-10-28 13:30:24.560  INFO 8184 --- [http-nio-8100-exec-3] c.e.m.p.c.PerimeterServiceController     : PerimeterServiceController.getPerimeter.perimeter---> {}25.0
2018-10-28 13:30:25.188  INFO 8184 --- [http-nio-8100-exec-2] c.e.m.p.c.PerimeterServiceController     : PerimeterServiceController.getPerimeter.perimeter---> {}25.0
2018-10-28 16:23:36.679  INFO 8184 --- [http-nio-8100-exec-4] c.e.m.p.c.PerimeterServiceController     : PerimeterServiceController.getPerimeter.perimeter---> {}25.132741228718345
2018-10-28 16:23:38.233  INFO 8184 --- [http-nio-8100-exec-6] c.e.m.p.c.PerimeterServiceController     : PerimeterServiceController.getPerimeter.perimeter---> {}25.132741228718345
2018-10-28 16:23:43.804  INFO 8184 --- [http-nio-8100-exec-7] c.e.m.p.c.PerimeterServiceController     : PerimeterServiceController.getPerimeter.perimeter---> {}20.0
2018-10-28 16:23:43.873  INFO 8184 --- [http-nio-8100-exec-5] c.e.m.p.c.PerimeterServiceController     : PerimeterServiceController.getPerimeter.perimeter---> {}20.0
2018-10-28 16:23:44.328  INFO 8184 --- [http-nio-8100-exec-9] c.e.m.p.c.PerimeterServiceController     : PerimeterServiceController.getPerimeter.perimeter---> {}20.0
2018-10-28 16:23:53.607  INFO 8184 --- [http-nio-8100-exec-8] c.e.m.p.c.PerimeterServiceController     : PerimeterServiceController.getPerimeter.perimeter---> {}25.0
2018-10-28 16:23:53.647  INFO 8184 --- [http-nio-8100-exec-10] c.e.m.p.c.PerimeterServiceController     : PerimeterServiceController.getPerimeter.perimeter---> {}25.0
2018-10-28 16:23:54.196  INFO 8184 --- [http-nio-8100-exec-3] c.e.m.p.c.PerimeterServiceController     : PerimeterServiceController.getPerimeter.perimeter---> {}25.0
2018-10-28 17:04:36.071  INFO 8184 --- [RMI TCP Connection(336)-127.0.0.1] inMXBeanRegistrar$SpringApplicationAdmin : Application shutdown requested.
2018-10-28 17:04:36.082  INFO 8184 --- [RMI TCP Connection(336)-127.0.0.1] ConfigServletWebServerApplicationContext : Closing org.springframework.boot.web.servlet.context.AnnotationConfigServletWebServerApplicationContext@6a3fb76d: startup date [Sun Oct 28 11:49:28 IST 2018]; root of context hierarchy
2018-10-28 17:04:36.180  INFO 8184 --- [RMI TCP Connection(336)-127.0.0.1] o.s.j.e.a.AnnotationMBeanExporter        : Unregistering JMX-exposed beans on shutdown
2018-10-28 18:06:14.159  INFO 13716 --- [restartedMain] c.e.m.p.PerimeterServiceApplication      : Starting PerimeterServiceApplication on DESKTOP-T5HSAB1 with PID 13716 (C:\Users\TapojitBhattacharya\sts-workspace\microservices\BlogApplicationInstallments\BlogPost5Application\perimeter-service\target\classes started by TapojitBhattacharya in C:\Users\TapojitBhattacharya\sts-workspace\microservices\BlogApplicationInstallments\BlogPost5Application\perimeter-service)
2018-10-28 18:06:14.161  INFO 13716 --- [restartedMain] c.e.m.p.PerimeterServiceApplication      : No active profile set, falling back to default profiles: default
2018-10-28 18:06:14.236  INFO 13716 --- [restartedMain] ConfigServletWebServerApplicationContext : Refreshing org.springframework.boot.web.servlet.context.AnnotationConfigServletWebServerApplicationContext@39cf182d: startup date [Sun Oct 28 18:06:14 IST 2018]; root of context hierarchy
2018-10-28 18:06:16.300  INFO 13716 --- [restartedMain] o.s.b.w.embedded.tomcat.TomcatWebServer  : Tomcat initialized with port(s): 8100 (http)
2018-10-28 18:06:16.327  INFO 13716 --- [restartedMain] o.apache.catalina.core.StandardService   : Starting service [Tomcat]
2018-10-28 18:06:16.327  INFO 13716 --- [restartedMain] org.apache.catalina.core.StandardEngine  : Starting Servlet Engine: Apache Tomcat/8.5.34
2018-10-28 18:06:16.332  INFO 13716 --- [localhost-startStop-1] o.a.catalina.core.AprLifecycleListener   : The APR based Apache Tomcat Native library which allows optimal performance in production environments was not found on the java.library.path: [C:\Program Files\Java\jre1.8.0_191\bin;C:\WINDOWS\Sun\Java\bin;C:\WINDOWS\system32;C:\WINDOWS;C:/Program Files/Java/jre1.8.0_191/bin/server;C:/Program Files/Java/jre1.8.0_191/bin;C:/Program Files/Java/jre1.8.0_191/lib/amd64;C:\Program Files (x86)\Common Files\Oracle\Java\javapath;C:\WINDOWS\system32;C:\WINDOWS;C:\WINDOWS\System32\Wbem;C:\WINDOWS\System32\WindowsPowerShell\v1.0\;C:\Program Files\Java\jdk1.8.0_191\bin;C:\Users\TapojitBhattacharya\Softwares\apache-maven-3.5.2-bin\apache-maven-3.5.2\bin;C:\Program Files\IBM\Bluemix\bin;C:\WINDOWS\System32\OpenSSH\;C:\Program Files\Git\cmd;C:\Users\TapojitBhattacharya\AppData\Local\Microsoft\WindowsApps;C:\Program Files (x86)\CVSNT\;%USERPROFILE%\AppData\Local\Microsoft\WindowsApps;;C:\Users\TapojitBhattacharya\Documents\Personal\Softwares\sts-bundle\sts-3.9.6.RELEASE;;.]
2018-10-28 18:06:16.425  INFO 13716 --- [localhost-startStop-1] o.a.c.c.C.[Tomcat].[localhost].[/]       : Initializing Spring embedded WebApplicationContext
2018-10-28 18:06:16.426  INFO 13716 --- [localhost-startStop-1] o.s.web.context.ContextLoader            : Root WebApplicationContext: initialization completed in 2190 ms
2018-10-28 18:06:17.280  INFO 13716 --- [localhost-startStop-1] o.s.b.w.servlet.FilterRegistrationBean   : Mapping filter: 'characterEncodingFilter' to: [/*]
2018-10-28 18:06:17.282  INFO 13716 --- [localhost-startStop-1] o.s.b.w.servlet.FilterRegistrationBean   : Mapping filter: 'webMvcMetricsFilter' to: [/*]
2018-10-28 18:06:17.283  INFO 13716 --- [localhost-startStop-1] o.s.b.w.servlet.FilterRegistrationBean   : Mapping filter: 'hiddenHttpMethodFilter' to: [/*]
2018-10-28 18:06:17.285  INFO 13716 --- [localhost-startStop-1] o.s.b.w.servlet.FilterRegistrationBean   : Mapping filter: 'httpPutFormContentFilter' to: [/*]
2018-10-28 18:06:17.286  INFO 13716 --- [localhost-startStop-1] o.s.b.w.servlet.FilterRegistrationBean   : Mapping filter: 'requestContextFilter' to: [/*]
2018-10-28 18:06:17.286  INFO 13716 --- [localhost-startStop-1] o.s.b.w.servlet.FilterRegistrationBean   : Mapping filter: 'httpTraceFilter' to: [/*]
2018-10-28 18:06:17.286  INFO 13716 --- [localhost-startStop-1] o.s.b.w.servlet.ServletRegistrationBean  : Servlet dispatcherServlet mapped to [/]
2018-10-28 18:06:17.437  INFO 13716 --- [restartedMain] o.s.w.s.handler.SimpleUrlHandlerMapping  : Mapped URL path [/**/favicon.ico] onto handler of type [class org.springframework.web.servlet.resource.ResourceHttpRequestHandler]
2018-10-28 18:06:17.721  INFO 13716 --- [restartedMain] s.w.s.m.m.a.RequestMappingHandlerAdapter : Looking for @ControllerAdvice: org.springframework.boot.web.servlet.context.AnnotationConfigServletWebServerApplicationContext@39cf182d: startup date [Sun Oct 28 18:06:14 IST 2018]; root of context hierarchy
2018-10-28 18:06:17.799  INFO 13716 --- [restartedMain] s.w.s.m.m.a.RequestMappingHandlerMapping : Mapped "{[/perimeter/shapeType/{shapeType}],methods=[GET]}" onto public com.evergreenprogrammer.microservices.perimeterservice.bo.Perimeter com.evergreenprogrammer.microservices.perimeterservice.controller.PerimeterServiceController.getPerimeter(java.lang.String)
2018-10-28 18:06:17.802  INFO 13716 --- [restartedMain] s.w.s.m.m.a.RequestMappingHandlerMapping : Mapped "{[/error]}" onto public org.springframework.http.ResponseEntity<java.util.Map<java.lang.String, java.lang.Object>> org.springframework.boot.autoconfigure.web.servlet.error.BasicErrorController.error(javax.servlet.http.HttpServletRequest)
2018-10-28 18:06:17.803  INFO 13716 --- [restartedMain] s.w.s.m.m.a.RequestMappingHandlerMapping : Mapped "{[/error],produces=[text/html]}" onto public org.springframework.web.servlet.ModelAndView org.springframework.boot.autoconfigure.web.servlet.error.BasicErrorController.errorHtml(javax.servlet.http.HttpServletRequest,javax.servlet.http.HttpServletResponse)
2018-10-28 18:06:17.859  INFO 13716 --- [restartedMain] o.s.w.s.handler.SimpleUrlHandlerMapping  : Mapped URL path [/webjars/**] onto handler of type [class org.springframework.web.servlet.resource.ResourceHttpRequestHandler]
2018-10-28 18:06:17.859  INFO 13716 --- [restartedMain] o.s.w.s.handler.SimpleUrlHandlerMapping  : Mapped URL path [/**] onto handler of type [class org.springframework.web.servlet.resource.ResourceHttpRequestHandler]
2018-10-28 18:06:18.385  WARN 13716 --- [restartedMain] o.s.b.d.a.OptionalLiveReloadServer       : Unable to start LiveReload server
2018-10-28 18:06:18.403  INFO 13716 --- [restartedMain] o.s.b.a.e.web.EndpointLinksResolver      : Exposing 2 endpoint(s) beneath base path '/actuator'
2018-10-28 18:06:18.414  INFO 13716 --- [restartedMain] s.b.a.e.w.s.WebMvcEndpointHandlerMapping : Mapped "{[/actuator/health],methods=[GET],produces=[application/vnd.spring-boot.actuator.v2+json || application/json]}" onto public java.lang.Object org.springframework.boot.actuate.endpoint.web.servlet.AbstractWebMvcEndpointHandlerMapping$OperationHandler.handle(javax.servlet.http.HttpServletRequest,java.util.Map<java.lang.String, java.lang.String>)
2018-10-28 18:06:18.416  INFO 13716 --- [restartedMain] s.b.a.e.w.s.WebMvcEndpointHandlerMapping : Mapped "{[/actuator/info],methods=[GET],produces=[application/vnd.spring-boot.actuator.v2+json || application/json]}" onto public java.lang.Object org.springframework.boot.actuate.endpoint.web.servlet.AbstractWebMvcEndpointHandlerMapping$OperationHandler.handle(javax.servlet.http.HttpServletRequest,java.util.Map<java.lang.String, java.lang.String>)
2018-10-28 18:06:18.417  INFO 13716 --- [restartedMain] s.b.a.e.w.s.WebMvcEndpointHandlerMapping : Mapped "{[/actuator],methods=[GET],produces=[application/vnd.spring-boot.actuator.v2+json || application/json]}" onto protected java.util.Map<java.lang.String, java.util.Map<java.lang.String, org.springframework.boot.actuate.endpoint.web.Link>> org.springframework.boot.actuate.endpoint.web.servlet.WebMvcEndpointHandlerMapping.links(javax.servlet.http.HttpServletRequest,javax.servlet.http.HttpServletResponse)
2018-10-28 18:06:18.474  INFO 13716 --- [restartedMain] o.s.j.e.a.AnnotationMBeanExporter        : Registering beans for JMX exposure on startup
2018-10-28 18:06:18.750  INFO 13716 --- [restartedMain] o.s.b.w.embedded.tomcat.TomcatWebServer  : Tomcat started on port(s): 8100 (http) with context path ''
2018-10-28 18:06:18.758  INFO 13716 --- [restartedMain] c.e.m.p.PerimeterServiceApplication      : Started PerimeterServiceApplication in 5.094 seconds (JVM running for 6.357)
2018-10-28 18:06:31.887  INFO 13716 --- [http-nio-8100-exec-1] o.a.c.c.C.[Tomcat].[localhost].[/]       : Initializing Spring FrameworkServlet 'dispatcherServlet'
2018-10-28 18:06:31.889  INFO 13716 --- [http-nio-8100-exec-1] o.s.web.servlet.DispatcherServlet        : FrameworkServlet 'dispatcherServlet': initialization started
2018-10-28 18:06:31.913  INFO 13716 --- [http-nio-8100-exec-1] o.s.web.servlet.DispatcherServlet        : FrameworkServlet 'dispatcherServlet': initialization completed in 24 ms
2018-10-28 18:06:31.986  INFO 13716 --- [http-nio-8100-exec-1] c.e.m.p.c.PerimeterServiceController     : PerimeterServiceController.getPerimeter.perimeter---> {}25.132741228718345
2018-10-28 18:06:32.803  INFO 13716 --- [http-nio-8100-exec-2] c.e.m.p.c.PerimeterServiceController     : PerimeterServiceController.getPerimeter.perimeter---> {}25.132741228718345
2018-10-28 18:07:47.872  INFO 13716 --- [http-nio-8100-exec-5] c.e.m.p.c.PerimeterServiceController     : PerimeterServiceController.getPerimeter.perimeter---> {}20.0
2018-10-28 18:07:48.563  INFO 13716 --- [http-nio-8100-exec-6] c.e.m.p.c.PerimeterServiceController     : PerimeterServiceController.getPerimeter.perimeter---> {}20.0
2018-10-28 18:09:10.174  INFO 13716 --- [http-nio-8100-exec-9] c.e.m.p.c.PerimeterServiceController     : PerimeterServiceController.getPerimeter.perimeter---> {}25.0
2018-10-28 18:09:10.894  INFO 13716 --- [http-nio-8100-exec-10] c.e.m.p.c.PerimeterServiceController     : PerimeterServiceController.getPerimeter.perimeter---> {}25.0
2018-10-28 18:27:57.479  INFO 13716 --- [http-nio-8100-exec-3] c.e.m.p.c.PerimeterServiceController     : PerimeterServiceController.getPerimeter.perimeter---> {}25.132741228718345
2018-10-28 18:27:58.554  INFO 13716 --- [http-nio-8100-exec-4] c.e.m.p.c.PerimeterServiceController     : PerimeterServiceController.getPerimeter.perimeter---> {}25.132741228718345
2018-10-28 18:29:26.120  INFO 13716 --- [http-nio-8100-exec-5] c.e.m.p.c.PerimeterServiceController     : PerimeterServiceController.getPerimeter.perimeter---> {}20.0
2018-10-28 18:29:26.962  INFO 13716 --- [http-nio-8100-exec-6] c.e.m.p.c.PerimeterServiceController     : PerimeterServiceController.getPerimeter.perimeter---> {}20.0
2018-10-28 18:30:20.733  INFO 13716 --- [http-nio-8100-exec-7] c.e.m.p.c.PerimeterServiceController     : PerimeterServiceController.getPerimeter.perimeter---> {}25.0
2018-10-28 18:30:21.719  INFO 13716 --- [http-nio-8100-exec-8] c.e.m.p.c.PerimeterServiceController     : PerimeterServiceController.getPerimeter.perimeter---> {}25.0
2018-10-28 18:59:34.089  INFO 13716 --- [http-nio-8100-exec-9] c.e.m.p.c.PerimeterServiceController     : PerimeterServiceController.getPerimeter.perimeter---> {}25.132741228718345
2018-10-28 18:59:35.109  INFO 13716 --- [http-nio-8100-exec-10] c.e.m.p.c.PerimeterServiceController     : PerimeterServiceController.getPerimeter.perimeter---> {}25.132741228718345
2018-10-28 19:00:54.147  INFO 13716 --- [http-nio-8100-exec-1] c.e.m.p.c.PerimeterServiceController     : PerimeterServiceController.getPerimeter.perimeter---> {}20.0
2018-10-28 19:00:54.942  INFO 13716 --- [http-nio-8100-exec-2] c.e.m.p.c.PerimeterServiceController     : PerimeterServiceController.getPerimeter.perimeter---> {}20.0
2018-10-28 19:01:46.935  INFO 13716 --- [http-nio-8100-exec-3] c.e.m.p.c.PerimeterServiceController     : PerimeterServiceController.getPerimeter.perimeter---> {}25.0
2018-10-28 19:01:47.740  INFO 13716 --- [http-nio-8100-exec-4] c.e.m.p.c.PerimeterServiceController     : PerimeterServiceController.getPerimeter.perimeter---> {}25.0
2018-10-28 19:22:39.406  INFO 13716 --- [RMI TCP Connection(85)-127.0.0.1] inMXBeanRegistrar$SpringApplicationAdmin : Application shutdown requested.
2018-10-28 19:22:39.422  INFO 13716 --- [RMI TCP Connection(85)-127.0.0.1] ConfigServletWebServerApplicationContext : Closing org.springframework.boot.web.servlet.context.AnnotationConfigServletWebServerApplicationContext@39cf182d: startup date [Sun Oct 28 18:06:14 IST 2018]; root of context hierarchy
2018-10-28 19:22:39.568  INFO 13716 --- [RMI TCP Connection(85)-127.0.0.1] o.s.j.e.a.AnnotationMBeanExporter        : Unregistering JMX-exposed beans on shutdown
